[SHIELD-GH] Detection mode = LIGHTWEIGHT (rule-based S1-S6 + HMAC + threshold FlowMod)
Solution at controller cleared
flow id 0source is 0destination is 3
Poisson flow size is 3
flow id 1source is 3destination is 0
Poisson flow size is 3
flow id 2source is 3destination is 0
Poisson flow size is 3
flow id 3source is 3destination is 0
Poisson flow size is 0
flow id 0source is 0destination is 3
Poisson flow size is 3
flow id 1source is 3destination is 0
Poisson flow size is 3
flow id 2source is 3destination is 0
Poisson flow size is 1
flow id 3source is 3destination is 0
Poisson flow size is 0
flow id 0source is 0destination is 3
Poisson flow size is 3
flow id 1source is 3destination is 0
Poisson flow size is 0
flow id 2source is 3destination is 0
Poisson flow size is 0
flow id 3source is 3destination is 0
Poisson flow size is 0
flow id 0source is 0destination is 3
Poisson flow size is 3
flow id 1source is 3destination is 0
Poisson flow size is 1
flow id 2source is 3destination is 0
Poisson flow size is 1
flow id 3source is 3destination is 0
Poisson flow size is 3
flow id 0source is 0destination is 3
Poisson flow size is 3
flow id 1source is 3destination is 0
Poisson flow size is 1
flow id 2source is 3destination is 0
Poisson flow size is 1
flow id 3source is 3destination is 0
Poisson flow size is 3
flow id 0source is 0destination is 3
Poisson flow size is 3
flow id 1source is 3destination is 0
Poisson flow size is 0
flow id 2source is 3destination is 0
Poisson flow size is 3
flow id 3source is 3destination is 0
Poisson flow size is 2
flow id 0source is 0destination is 3
Poisson flow size is 3
flow id 1source is 3destination is 0
Poisson flow size is 1
flow id 2source is 3destination is 0
Poisson flow size is 0
flow id 3source is 3destination is 0
Poisson flow size is 1
flow id 0source is 0destination is 3
Poisson flow size is 3
flow id 1source is 3destination is 0
Poisson flow size is 1
flow id 2source is 3destination is 0
Poisson flow size is 3
flow id 3source is 3destination is 0
Poisson flow size is 2
flow id 0source is 0destination is 3
Poisson flow size is 3
flow id 1source is 3destination is 0
Poisson flow size is 0
flow id 2source is 3destination is 0
Poisson flow size is 2
flow id 3source is 3destination is 0
Poisson flow size is 0
flow id 0source is 0destination is 3
Poisson flow size is 3
flow id 1source is 3destination is 0
Poisson flow size is 1
flow id 2source is 3destination is 0
Poisson flow size is 3
flow id 3source is 3destination is 0
Poisson flow size is 2
flow id 0source is 0destination is 3
Poisson flow size is 3
flow id 1source is 3destination is 0
Poisson flow size is 3
flow id 2source is 3destination is 0
Poisson flow size is 1
flow id 3source is 3destination is 0
Poisson flow size is 2
[SHIELD-GH] Initialised — 4 vehicles (lightweight mode — compile with -DUSE_LIBOQS for PQC)
current time is 0
Attack state: DP-FR (Fixed Rate) ACTIVE
Solution at nodes cleared at 1
sent all flow data from node 4
current time is 1
CP Attack state: CP-FR (Fixed Rate) ACTIVE


At controller: updated flow source 0to destination 3flow size 3packet size 750QoS 1
At controller: updated flow source 3to destination 0flow size 3packet size 750QoS 1
At controller: updated flow source 3to destination 0flow size 3packet size 750QoS 1
At controller: updated flow source 3to destination 0flow size 0packet size 750QoS 1




link lifetime optimization beginning at 1.0345
finished writing link lifetime status at1.0345
Set parameter Username
Academic license - for non-commercial use only - expires 2027-05-08
delay is 1049
reading lifetime from csv at1.0346
link lifetime conversion finished at+1.0346e+09ns
updating flows - path finding at1.0348
Routing stable: Number of stable paths from source: 0to destination 3is 1 at timestamp 1.0348
Routing stable: Number of stable paths from source: 3to destination 0is 1 at timestamp 1.03481
Routing stable: Number of stable paths from source: 3to destination 0is 1 at timestamp 1.03482
Routing stable: Number of stable paths from source: 3to destination 0is 1 at timestamp 1.03482
Number of connected flows 3at timestamp 1.0352
DEBUG matrix values:
  [0][1] = 634.96
  [1][0] = 634.96
  [1][2] = 634.96
  [2][1] = 634.96
  [2][3] = 634.96
  [3][2] = 634.96
DEBUG threshold: 0.4
DEBUG max lifetime in matrix: 634.96
DEBUG matrix size: 5
Proposed RL started at 1.0359
1
1
1
1
Proposed RL learning finished at 1.0359
Transmitting delta values at1.036





Initialized flow counters at 1.0995
Forcing exactly 2 attackers out of 4 vehicles
Node 0 forced as ATTACKER
Node 1 forced as ATTACKER
Attackers declared at t=1.1
flow id 0sub flow load is 0 next hop 0packets 0
flow id 0sub flow load is 0 next hop 2packets 0
flow id 0sub flow load is 0 next hop 3packets 0
flow id 0sub flow load is 0 next hop 4packets 0
flow id 0sub flow load is 1 next hop 1packets 3
scheduled in channel 1
Flow id 0 scheduled 3total packets from 0
flow id 1sub flow load is 0 next hop 0packets 0
flow id 1sub flow load is 0 next hop 1packets 0
flow id 1sub flow load is 0 next hop 2packets 0
flow id 1sub flow load is 0 next hop 3packets 0
flow id 1sub flow load is 0 next hop 4packets 0
Flow id 1 scheduled 0total packets from 3
flow id 2sub flow load is 0 next hop 0packets 0
flow id 2sub flow load is 0 next hop 1packets 0
flow id 2sub flow load is 0 next hop 3packets 0
flow id 2sub flow load is 0 next hop 4packets 0
flow id 2sub flow load is 1 next hop 2packets 3
scheduled in channel 1
Flow id 2 scheduled 3total packets from 3
flow id 3sub flow load is 0 next hop 0packets 0
flow id 3sub flow load is 0 next hop 1packets 0
flow id 3sub flow load is 0 next hop 2packets 0
flow id 3sub flow load is 0 next hop 3packets 0
flow id 3sub flow load is 0 next hop 4packets 0
Flow id 3 scheduled 0total packets from 3
CP Fallback: forcing controller as attacker
CP Node 0 CPFR=1 CPIT=0 CPTS=0
CP Node 1 CPFR=1 CPIT=0 CPTS=0
CP Node 2 CPFR=1 CPIT=0 CPTS=0
CP Node 3 CPFR=1 CPIT=0 CPTS=0
CP Attackers declared at t=1.1 controller_malicious=1
DP-FR FORWARD: node=0 flow=0 t=1.1
ATTACK PLACE 1: packet FORWARDED node=0 flow=0 packetID=1 t=1.1
DP-FR DROP: node=1 flow=0 t=1.10258
ATTACK PLACE 2: retransmit DROPPED node=1 flow=0 packetID=1 t=1.10258
DP-FR DROP: node=0 flow=0 t=1.12754
ATTACK PLACE 1: packet DROPPED node=0 flow=0 packetID=2 t=1.12754
DP-FR FORWARD: node=0 flow=0 t=1.12936
ATTACK PLACE 1: packet FORWARDED node=0 flow=0 packetID=2 t=1.12936
DP-FR DROP: node=0 flow=0 t=1.15367
ATTACK PLACE 1: packet DROPPED node=0 flow=0 packetID=3 t=1.15367
ATTACK PLACE 1: packet FORWARDED node=3 flow=2 packetID=1 t=1.15367
ATTACK PLACE 2: retransmit FORWARDED node=2 flow=2 packetID=1 t=1.15527
DP-FR FORWARD: node=1 flow=2 t=1.15715
ATTACK PLACE 2: retransmit FORWARDED node=1 flow=2 packetID=1 t=1.15715
Flow ID 2received  Packet ID: 1Totally received 1packets at destination 0 at 1.1577
DP-FR FORWARD: node=0 flow=0 t=1.15877
ATTACK PLACE 1: packet FORWARDED node=0 flow=0 packetID=3 t=1.15877
ATTACK PLACE 1: packet FORWARDED node=3 flow=2 packetID=2 t=1.1805
ATTACK PLACE 2: retransmit FORWARDED node=2 flow=2 packetID=2 t=1.18194
DP-FR DROP: node=1 flow=2 t=1.18381
ATTACK PLACE 2: retransmit DROPPED node=1 flow=2 packetID=2 t=1.18381
[NETANIM] Vehicle index=0 ActualNodeID=2 colored RED (attacker)
[NETANIM] Vehicle index=1 ActualNodeID=3 colored RED (attacker)
[NETANIM] Vehicle index=2 ActualNodeID=4 colored GREEN (benign)
[NETANIM] Vehicle index=3 ActualNodeID=5 colored GREEN (benign)
ATTACK PLACE 1: packet FORWARDED node=3 flow=2 packetID=3 t=1.20733
ATTACK PLACE 2: retransmit FORWARDED node=2 flow=2 packetID=3 t=1.20888
average_latency 4.03333 ms
[LW-CP-Det] Controller 0 SUSPECTED — S4:1 S5:0 S6:0
[SHIELD-GH][CP] Controller 0 grey-hole flow rule detected | S4=1 S5=0 S6=0 | Tc=0.65 | t=2.00
[LW-DP-Det] Node 1 SUSPECTED — S1:1 S2:0 S3:0 corrPDR=0.17
=== SHIELD-GH DETECTION METRICS (node-level) ===
  Node TP=1 TN=2 FP=0 FN=1
  M1a Detection Accuracy: 75.00%
  M1b MCC: 0.58
  M2  False Positive Rate: 0.00%
================================================
average packet delivery ratio is 16.67
average jitter is 0.00
average load balance is 55.56
TP=1.00 TN=0.00 FP=5.00 FN=0.00
M1a Detection Accuracy: 16.67%
M1b MCC: 0.00
M2 False Positive Rate: 100.00%
M4a Detection Latency: 0.00 ms
M4b Mitigation Response Time: 0.00 ms
=== Per Node PDR ===
Node 0 | LocalPDR=60.00% (Fwd=3/Rcv=5) | E2E_PDR=0.00% (0/3) | RelayPDR=0.00% (Fwd=0/Rcv=0) [DP-ATTACKER] [CP-ATTACKER]
Node 1 | LocalPDR=16.67% (Fwd=1/Rcv=6) | E2E_PDR=0.00% (0/0) | RelayPDR=16.67% (Fwd=1/Rcv=6) [DP-ATTACKER] [CP-ATTACKER]
Node 2 | LocalPDR=100.00% (Fwd=3/Rcv=3) | E2E_PDR=0.00% (0/0) | RelayPDR=16.67% (Fwd=1/Rcv=6) [CP-ATTACKER]
Node 3 | LocalPDR=100.00% (Fwd=3/Rcv=3) | E2E_PDR=33.33% (1/3) | RelayPDR=0.00% (Fwd=0/Rcv=0) [CP-ATTACKER]
Node 4 | LocalPDR=0.00% (Fwd=0/Rcv=0) | E2E_PDR=0.00% (0/0) | RelayPDR=0.00% (Fwd=0/Rcv=0)
====================
written to file successfully
Solution at nodes cleared at 2.00
sent all flow data from node 4
current time is 2.00


At controller: updated flow source 0to destination 3flow size 3packet size 750QoS 1
At controller: updated flow source 3to destination 0flow size 3packet size 750QoS 1
At controller: updated flow source 3to destination 0flow size 1packet size 750QoS 1
At controller: updated flow source 3to destination 0flow size 0packet size 750QoS 1
Retransmission packet dropped for flow id 0packet ID: 2
Retransmission packet dropped for flow id 2packet ID: 3
Retransmission packet dropped for flow id 0packet ID: 3




link lifetime optimization beginning at 2.03
finished writing link lifetime status at2.03
Set parameter Username
Academic license - for non-commercial use only - expires 2027-05-08
delay is 902
reading lifetime from csv at2.03
link lifetime conversion finished at+2034600000.00ns
updating flows - path finding at2.03
Routing stable: Number of stable paths from source: 0to destination 3is 1 at timestamp 2.03
Routing stable: Number of stable paths from source: 3to destination 0is 1 at timestamp 2.03
Routing stable: Number of stable paths from source: 3to destination 0is 1 at timestamp 2.03
Routing stable: Number of stable paths from source: 3to destination 0is 1 at timestamp 2.03
Number of connected flows 3at timestamp 2.04
DEBUG matrix values:
  [0][1] = 634.96
  [1][0] = 634.96
  [1][2] = 634.96
  [2][1] = 634.96
  [2][3] = 634.96
  [3][2] = 634.96
DEBUG threshold: 0.40
DEBUG max lifetime in matrix: 634.96
DEBUG matrix size: 5
Proposed RL started at 2.04
1
1
1
1
Proposed RL learning finished at 2.04
Transmitting delta values at2.04
CP-FR TAMPER: node=0 flow=0 scale=0.50 t=2.04
CP-FR TAMPER: node=0 flow=1 scale=0.50 t=2.04
CP-FR TAMPER: node=0 flow=2 scale=0.50 t=2.04
CP-FR TAMPER: node=0 flow=3 scale=0.50 t=2.04
CP-FR TAMPER: node=1 flow=0 scale=0.50 t=2.04
CP-FR TAMPER: node=1 flow=1 scale=0.50 t=2.04
CP-FR TAMPER: node=1 flow=2 scale=0.50 t=2.04
CP-FR TAMPER: node=1 flow=3 scale=0.50 t=2.04
CP-FR TAMPER: node=2 flow=0 scale=0.50 t=2.04
CP-FR TAMPER: node=2 flow=1 scale=0.50 t=2.04
CP-FR TAMPER: node=2 flow=2 scale=0.50 t=2.04
CP-FR TAMPER: node=2 flow=3 scale=0.50 t=2.04
CP-FR TAMPER: node=3 flow=0 scale=0.50 t=2.04
CP-FR TAMPER: node=3 flow=1 scale=0.50 t=2.04
CP-FR TAMPER: node=3 flow=2 scale=0.50 t=2.04
CP-FR TAMPER: node=3 flow=3 scale=0.50 t=2.04





Initialized flow counters at 2.10
flow id 0sub flow load is 0.00 next hop 0packets 0
flow id 0sub flow load is 0.00 next hop 2packets 0
flow id 0sub flow load is 0.00 next hop 3packets 0
flow id 0sub flow load is 0.00 next hop 4packets 0
flow id 0sub flow load is 0.50 next hop 1packets 2
scheduled in channel 1
Flow id 0 scheduled 2total packets from 0
flow id 1sub flow load is 0.00 next hop 0packets 0
flow id 1sub flow load is 0.00 next hop 1packets 0
flow id 1sub flow load is 0.00 next hop 2packets 0
flow id 1sub flow load is 0.00 next hop 3packets 0
flow id 1sub flow load is 0.00 next hop 4packets 0
Flow id 1 scheduled 0total packets from 3
flow id 2sub flow load is 0.00 next hop 0packets 0
flow id 2sub flow load is 0.00 next hop 1packets 0
flow id 2sub flow load is 0.00 next hop 3packets 0
flow id 2sub flow load is 0.00 next hop 4packets 0
flow id 2sub flow load is 0.50 next hop 2packets 1
scheduled in channel 1
Flow id 2 scheduled 1total packets from 3
flow id 3sub flow load is 0.00 next hop 0packets 0
flow id 3sub flow load is 0.00 next hop 1packets 0
flow id 3sub flow load is 0.00 next hop 2packets 0
flow id 3sub flow load is 0.00 next hop 3packets 0
flow id 3sub flow load is 0.00 next hop 4packets 0
Flow id 3 scheduled 0total packets from 3
DP-FR FORWARD: node=0 flow=0 t=2.10
ATTACK PLACE 1: packet FORWARDED node=0 flow=0 packetID=1 t=2.10
DP-FR FORWARD: node=1 flow=0 t=2.10
ATTACK PLACE 2: retransmit FORWARDED node=1 flow=0 packetID=1 t=2.10
ATTACK PLACE 2: retransmit FORWARDED node=2 flow=0 packetID=1 t=2.10
Flow ID 0received  Packet ID: 1Totally received 1packets at destination 3 at 2.10
DP-FR FORWARD: node=0 flow=0 t=2.13
ATTACK PLACE 1: packet FORWARDED node=0 flow=0 packetID=2 t=2.13
DP-FR DROP: node=1 flow=0 t=2.13
ATTACK PLACE 2: retransmit DROPPED node=1 flow=0 packetID=2 t=2.13
ATTACK PLACE 1: packet FORWARDED node=3 flow=2 packetID=1 t=2.15
ATTACK PLACE 2: retransmit FORWARDED node=2 flow=2 packetID=1 t=2.16
DP-FR FORWARD: node=1 flow=2 t=2.16
ATTACK PLACE 2: retransmit FORWARDED node=1 flow=2 packetID=1 t=2.16
Flow ID 2received  Packet ID: 1Totally received 1packets at destination 0 at 2.16
average_latency 4.07 ms
[LW-CP-Det] Controller 0 SUSPECTED — S4:1 S5:0 S6:0
[SHIELD-GH][CP] Controller 0 grey-hole flow rule detected | S4=1 S5=0 S6=0 | Tc=0.30 | t=3.00
[SHIELD-GH][CP-MIT] Controller 0 FAILOVER — Tc=0.30 < θc=0.40 | RSU threshold FlowMod 3/3 co-signed, quorum_ok=1 | whitelist-only rules reinstalled | t=3.00
[LW-DP-Det] Node 1 SUSPECTED — S1:1 S2:0 S3:0 corrPDR=0.34
[SHIELD-GH] Node 1 RATE-LIMITED | Λ=2
=== SHIELD-GH DETECTION METRICS (node-level) ===
  Node TP=1 TN=2 FP=0 FN=1
  M1a Detection Accuracy: 75.00%
  M1b MCC: 0.58
  M2  False Positive Rate: 0.00%
================================================
average packet delivery ratio is 33.33
average jitter is 0.00
average load balance is 75.31
TP=2.00 TN=0.00 FP=2.00 FN=0.00
M1a Detection Accuracy: 50.00%
M1b MCC: 0.00
M2 False Positive Rate: 100.00%
M4a Detection Latency: 0.00 ms
M4b Mitigation Response Time: 0.00 ms
=== Per Node PDR ===
Node 0 | LocalPDR=100.00% (Fwd=2/Rcv=2) | E2E_PDR=33.33% (1/3) | RelayPDR=0.00% (Fwd=0/Rcv=0) [DP-ATTACKER] [CP-ATTACKER]
Node 1 | LocalPDR=66.67% (Fwd=2/Rcv=3) | E2E_PDR=0.00% (0/0) | RelayPDR=50.00% (Fwd=2/Rcv=4) [DP-ATTACKER] [CP-ATTACKER]
Node 2 | LocalPDR=100.00% (Fwd=2/Rcv=2) | E2E_PDR=0.00% (0/0) | RelayPDR=50.00% (Fwd=2/Rcv=4) [CP-ATTACKER]
Node 3 | LocalPDR=100.00% (Fwd=1/Rcv=1) | E2E_PDR=100.00% (1/1) | RelayPDR=0.00% (Fwd=0/Rcv=0) [CP-ATTACKER]
Node 4 | LocalPDR=0.00% (Fwd=0/Rcv=0) | E2E_PDR=0.00% (0/0) | RelayPDR=0.00% (Fwd=0/Rcv=0)
====================
written to file successfully
Solution at nodes cleared at 3.00
sent all flow data from node 4
current time is 3.00


At controller: updated flow source 0to destination 3flow size 3packet size 750QoS 1
At controller: updated flow source 3to destination 0flow size 0packet size 750QoS 1
At controller: updated flow source 3to destination 0flow size 0packet size 750QoS 1
At controller: updated flow source 3to destination 0flow size 0packet size 750QoS 1




link lifetime optimization beginning at 3.03
finished writing link lifetime status at3.03
Set parameter Username
Academic license - for non-commercial use only - expires 2027-05-08
delay is 978
reading lifetime from csv at3.03
link lifetime conversion finished at+3034600000.00ns
updating flows - path finding at3.03
Routing stable: Number of stable paths from source: 0to destination 3is 1 at timestamp 3.03
Routing stable: Number of stable paths from source: 3to destination 0is 1 at timestamp 3.03
Routing stable: Number of stable paths from source: 3to destination 0is 1 at timestamp 3.03
Routing stable: Number of stable paths from source: 3to destination 0is 1 at timestamp 3.03
Number of connected flows 3at timestamp 3.04
DEBUG matrix values:
  [0][1] = 634.96
  [1][0] = 634.96
  [1][2] = 634.96
  [2][1] = 634.96
  [2][3] = 634.96
  [3][2] = 634.96
DEBUG threshold: 0.40
DEBUG max lifetime in matrix: 634.96
DEBUG matrix size: 5
Proposed RL started at 3.04
1
1
1
1
Proposed RL learning finished at 3.04
Transmitting delta values at3.04
CP-FR TAMPER: node=0 flow=0 scale=0.50 t=3.04
CP-FR TAMPER: node=0 flow=1 scale=0.50 t=3.04
CP-FR TAMPER: node=0 flow=2 scale=0.50 t=3.04
CP-FR TAMPER: node=0 flow=3 scale=0.50 t=3.04
CP-FR TAMPER: node=1 flow=0 scale=0.50 t=3.04
CP-FR TAMPER: node=1 flow=1 scale=0.50 t=3.04
CP-FR TAMPER: node=1 flow=2 scale=0.50 t=3.04
CP-FR TAMPER: node=1 flow=3 scale=0.50 t=3.04
CP-FR TAMPER: node=2 flow=0 scale=0.50 t=3.04
CP-FR TAMPER: node=2 flow=1 scale=0.50 t=3.04
CP-FR TAMPER: node=2 flow=2 scale=0.50 t=3.04
CP-FR TAMPER: node=2 flow=3 scale=0.50 t=3.04
CP-FR TAMPER: node=3 flow=0 scale=0.50 t=3.04
CP-FR TAMPER: node=3 flow=1 scale=0.50 t=3.04
CP-FR TAMPER: node=3 flow=2 scale=0.50 t=3.04
CP-FR TAMPER: node=3 flow=3 scale=0.50 t=3.04





Initialized flow counters at 3.10
flow id 0sub flow load is 0.00 next hop 0packets 0
flow id 0sub flow load is 0.00 next hop 2packets 0
flow id 0sub flow load is 0.00 next hop 3packets 0
flow id 0sub flow load is 0.00 next hop 4packets 0
flow id 0sub flow load is 0.50 next hop 1packets 2
scheduled in channel 1
Flow id 0 scheduled 2total packets from 0
flow id 1sub flow load is 0.00 next hop 0packets 0
flow id 1sub flow load is 0.00 next hop 1packets 0
flow id 1sub flow load is 0.00 next hop 2packets 0
flow id 1sub flow load is 0.00 next hop 3packets 0
flow id 1sub flow load is 0.00 next hop 4packets 0
Flow id 1 scheduled 0total packets from 3
flow id 2sub flow load is 0.00 next hop 0packets 0
flow id 2sub flow load is 0.00 next hop 1packets 0
flow id 2sub flow load is 0.00 next hop 2packets 0
flow id 2sub flow load is 0.00 next hop 3packets 0
flow id 2sub flow load is 0.00 next hop 4packets 0
Flow id 2 scheduled 0total packets from 3
flow id 3sub flow load is 0.00 next hop 0packets 0
flow id 3sub flow load is 0.00 next hop 1packets 0
flow id 3sub flow load is 0.00 next hop 2packets 0
flow id 3sub flow load is 0.00 next hop 3packets 0
flow id 3sub flow load is 0.00 next hop 4packets 0
Flow id 3 scheduled 0total packets from 3
DP-FR FORWARD: node=0 flow=0 t=3.10
ATTACK PLACE 1: packet FORWARDED node=0 flow=0 packetID=1 t=3.10
DP-FR FORWARD: node=1 flow=0 t=3.10
ATTACK PLACE 2: retransmit FORWARDED node=1 flow=0 packetID=1 t=3.10
ATTACK PLACE 2: retransmit FORWARDED node=2 flow=0 packetID=1 t=3.10
Flow ID 0received  Packet ID: 1Totally received 1packets at destination 3 at 3.10
DP-FR FORWARD: node=0 flow=0 t=3.13
ATTACK PLACE 1: packet FORWARDED node=0 flow=0 packetID=2 t=3.13
DP-FR DROP: node=1 flow=0 t=3.13
ATTACK PLACE 2: retransmit DROPPED node=1 flow=0 packetID=2 t=3.13
average_latency 4.09 ms
[LW-CP-Det] Controller 0 SUSPECTED — S4:1 S5:1 S6:0
[SHIELD-GH][CP] Controller 0 grey-hole flow rule detected | S4=1 S5=1 S6=0 | Tc=0.00 | t=4.00
[LW-DP-Det] Node 1 SUSPECTED — S1:1 S2:0 S3:0 corrPDR=0.37
[SHIELD-GH][LW-MIT] node 1 threshold FlowMod 3/3 RSU co-signed, quorum_ok=1 | t=4.00
[SHIELD-GH] Node 1 ISOLATED & BLOCKED | t=4.00 mode=LIGHTWEIGHT score=0.82 ZKP=FAIL real_attacker=1
=== SHIELD-GH DETECTION METRICS (node-level) ===
  Node TP=1 TN=2 FP=0 FN=1
  M1a Detection Accuracy: 75.00%
  M1b MCC: 0.58
  M2  False Positive Rate: 0.00%
================================================
average packet delivery ratio is 33.33
average jitter is 0.00
average load balance is 73.66
TP=1.00 TN=0.00 FP=2.00 FN=0.00
M1a Detection Accuracy: 33.33%
M1b MCC: 0.00
M2 False Positive Rate: 100.00%
M4a Detection Latency: 2898.01 ms
M4b Mitigation Response Time: 2948.00 ms
=== Per Node PDR ===
Node 0 | LocalPDR=100.00% (Fwd=2/Rcv=2) | E2E_PDR=33.33% (1/3) | RelayPDR=0.00% (Fwd=0/Rcv=0) [DP-ATTACKER] [CP-ATTACKER]
Node 1 | LocalPDR=50.00% (Fwd=1/Rcv=2) | E2E_PDR=0.00% (0/0) | RelayPDR=33.33% (Fwd=1/Rcv=3) [DP-ATTACKER] [CP-ATTACKER]
Node 2 | LocalPDR=100.00% (Fwd=1/Rcv=1) | E2E_PDR=0.00% (0/0) | RelayPDR=33.33% (Fwd=1/Rcv=3) [CP-ATTACKER]
Node 3 | LocalPDR=0.00% (Fwd=0/Rcv=0) | E2E_PDR=0.00% (0/0) | RelayPDR=0.00% (Fwd=0/Rcv=0) [CP-ATTACKER]
Node 4 | LocalPDR=0.00% (Fwd=0/Rcv=0) | E2E_PDR=0.00% (0/0) | RelayPDR=0.00% (Fwd=0/Rcv=0)
====================
written to file successfully
Solution at nodes cleared at 4.00
sent all flow data from node 4
current time is 4.00


At controller: updated flow source 0to destination 3flow size 3packet size 750QoS 1
At controller: updated flow source 3to destination 0flow size 1packet size 750QoS 1
At controller: updated flow source 3to destination 0flow size 1packet size 750QoS 1
At controller: updated flow source 3to destination 0flow size 3packet size 750QoS 1




link lifetime optimization beginning at 4.03
finished writing link lifetime status at4.03
Set parameter Username
Academic license - for non-commercial use only - expires 2027-05-08
delay is 1091
reading lifetime from csv at4.03
link lifetime conversion finished at+4034600000.00ns
updating flows - path finding at4.03
Routing stable: Number of stable paths from source: 0to destination 3is 1 at timestamp 4.03
Routing stable: Number of stable paths from source: 3to destination 0is 1 at timestamp 4.03
Routing stable: Number of stable paths from source: 3to destination 0is 1 at timestamp 4.03
Routing stable: Number of stable paths from source: 3to destination 0is 1 at timestamp 4.03
Number of connected flows 3at timestamp 4.04
DEBUG matrix values:
  [0][1] = 634.96
  [1][0] = 634.96
  [1][2] = 634.96
  [2][1] = 634.96
  [2][3] = 634.96
  [3][2] = 634.96
DEBUG threshold: 0.40
DEBUG max lifetime in matrix: 634.96
DEBUG matrix size: 5
Proposed RL started at 4.04
1
1
1
1
Proposed RL learning finished at 4.04
Transmitting delta values at4.04
CP-FR TAMPER: node=0 flow=0 scale=0.50 t=4.04
CP-FR TAMPER: node=0 flow=1 scale=0.50 t=4.04
CP-FR TAMPER: node=0 flow=2 scale=0.50 t=4.04
CP-FR TAMPER: node=0 flow=3 scale=0.50 t=4.04
CP-FR TAMPER: node=1 flow=0 scale=0.50 t=4.04
CP-FR TAMPER: node=1 flow=1 scale=0.50 t=4.04
CP-FR TAMPER: node=1 flow=2 scale=0.50 t=4.04
CP-FR TAMPER: node=1 flow=3 scale=0.50 t=4.04
CP-FR TAMPER: node=2 flow=0 scale=0.50 t=4.04
CP-FR TAMPER: node=2 flow=1 scale=0.50 t=4.04
CP-FR TAMPER: node=2 flow=2 scale=0.50 t=4.04
CP-FR TAMPER: node=2 flow=3 scale=0.50 t=4.04
CP-FR TAMPER: node=3 flow=0 scale=0.50 t=4.04
CP-FR TAMPER: node=3 flow=1 scale=0.50 t=4.04
CP-FR TAMPER: node=3 flow=2 scale=0.50 t=4.04
CP-FR TAMPER: node=3 flow=3 scale=0.50 t=4.04





Initialized flow counters at 4.10
flow id 0sub flow load is 0.00 next hop 0packets 0
flow id 0sub flow load is 0.00 next hop 2packets 0
flow id 0sub flow load is 0.00 next hop 3packets 0
flow id 0sub flow load is 0.00 next hop 4packets 0
flow id 0sub flow load is 0.50 next hop 1packets 2
scheduled in channel 1
Flow id 0 scheduled 2total packets from 0
flow id 1sub flow load is 0.00 next hop 0packets 0
flow id 1sub flow load is 0.00 next hop 1packets 0
flow id 1sub flow load is 0.00 next hop 2packets 0
flow id 1sub flow load is 0.00 next hop 3packets 0
flow id 1sub flow load is 0.00 next hop 4packets 0
Flow id 1 scheduled 0total packets from 3
flow id 2sub flow load is 0.00 next hop 0packets 0
flow id 2sub flow load is 0.00 next hop 1packets 0
flow id 2sub flow load is 0.00 next hop 3packets 0
flow id 2sub flow load is 0.00 next hop 4packets 0
flow id 2sub flow load is 0.50 next hop 2packets 1
scheduled in channel 1
Flow id 2 scheduled 1total packets from 3
flow id 3sub flow load is 0.00 next hop 0packets 0
flow id 3sub flow load is 0.00 next hop 1packets 0
flow id 3sub flow load is 0.00 next hop 3packets 0
flow id 3sub flow load is 0.00 next hop 4packets 0
flow id 3sub flow load is 0.50 next hop 2packets 2
scheduled in channel 1
Flow id 3 scheduled 2total packets from 3
DP-FR FORWARD: node=0 flow=0 t=4.10
ATTACK PLACE 1: packet FORWARDED node=0 flow=0 packetID=1 t=4.10
[SHIELD-GH-ISOLATE] Node 1 blocked, dropping flow 0 t=4.10
ATTACK PLACE 2: retransmit DROPPED node=1 flow=0 packetID=1 t=4.10
DP-FR DROP: node=0 flow=0 t=4.13
ATTACK PLACE 1: packet DROPPED node=0 flow=0 packetID=2 t=4.13
DP-FR DROP: node=0 flow=0 t=4.13
ATTACK PLACE 1: packet DROPPED node=0 flow=0 packetID=2 t=4.13
DP-FR FORWARD: node=0 flow=0 t=4.13
ATTACK PLACE 1: packet FORWARDED node=0 flow=0 packetID=2 t=4.13
ATTACK PLACE 1: packet FORWARDED node=3 flow=2 packetID=1 t=4.15
ATTACK PLACE 2: retransmit FORWARDED node=2 flow=2 packetID=1 t=4.16
[SHIELD-GH-ISOLATE] Node 1 blocked, dropping flow 2 t=4.16
ATTACK PLACE 2: retransmit DROPPED node=1 flow=2 packetID=1 t=4.16
ATTACK PLACE 1: packet FORWARDED node=3 flow=3 packetID=1 t=4.18
ATTACK PLACE 2: retransmit FORWARDED node=2 flow=3 packetID=1 t=4.18
[SHIELD-GH-ISOLATE] Node 1 blocked, dropping flow 3 t=4.18
ATTACK PLACE 2: retransmit DROPPED node=1 flow=3 packetID=1 t=4.18
ATTACK PLACE 1: packet FORWARDED node=3 flow=3 packetID=2 t=4.21
ATTACK PLACE 2: retransmit FORWARDED node=2 flow=3 packetID=2 t=4.21
average_latency 3.06 ms
[LW-CP-Det] Controller 0 SUSPECTED — S4:1 S5:1 S6:0
[SHIELD-GH][CP] Controller 0 grey-hole flow rule detected | S4=1 S5=1 S6=0 | Tc=0.00 | t=5.00
[LW-DP-Det] Node 0 SUSPECTED — S1:0 S2:1 S3:0 corrPDR=0.70
[LW-DP-Det] Node 1 SUSPECTED — S1:1 S2:0 S3:0 corrPDR=0.25
[SHIELD-GH] Node 1 RATE-LIMITED | Λ=4
=== SHIELD-GH DETECTION METRICS (node-level) ===
  Node TP=2 TN=2 FP=0 FN=0
  M1a Detection Accuracy: 100.00%
  M1b MCC: 1.00
  M2  False Positive Rate: 0.00%
================================================
average packet delivery ratio is 25.00
average jitter is 0.00
average load balance is 72.29
TP=0.00 TN=0.00 FP=7.00 FN=0.00
M1a Detection Accuracy: 0.00%
M1b MCC: 0.00
M2 False Positive Rate: 100.00%
M4a Detection Latency: 2898.01 ms
M4b Mitigation Response Time: 2948.00 ms
=== Per Node PDR ===
Node 0 | LocalPDR=50.00% (Fwd=2/Rcv=4) | E2E_PDR=0.00% (0/3) | RelayPDR=0.00% (Fwd=0/Rcv=0) [DP-ATTACKER] [CP-ATTACKER]
Node 1 | LocalPDR=0.00% (Fwd=0/Rcv=5) | E2E_PDR=0.00% (0/0) | RelayPDR=0.00% (Fwd=0/Rcv=7) [DP-ATTACKER] [CP-ATTACKER]
Node 2 | LocalPDR=100.00% (Fwd=3/Rcv=3) | E2E_PDR=0.00% (0/0) | RelayPDR=0.00% (Fwd=0/Rcv=7) [CP-ATTACKER]
Node 3 | LocalPDR=100.00% (Fwd=3/Rcv=3) | E2E_PDR=0.00% (0/4) | RelayPDR=0.00% (Fwd=0/Rcv=0) [CP-ATTACKER]
Node 4 | LocalPDR=0.00% (Fwd=0/Rcv=0) | E2E_PDR=0.00% (0/0) | RelayPDR=0.00% (Fwd=0/Rcv=0)
====================
written to file successfully
Solution at nodes cleared at 5.00
sent all flow data from node 4
current time is 5.00


At controller: updated flow source 0to destination 3flow size 3packet size 750QoS 1
At controller: updated flow source 3to destination 0flow size 1packet size 750QoS 1
At controller: updated flow source 3to destination 0flow size 1packet size 750QoS 1
At controller: updated flow source 3to destination 0flow size 3packet size 750QoS 1
Retransmission packet dropped for flow id 3packet ID: 2
Retransmission packet dropped for flow id 0packet ID: 2




link lifetime optimization beginning at 5.03
finished writing link lifetime status at5.03
Set parameter Username
Academic license - for non-commercial use only - expires 2027-05-08
delay is 888
reading lifetime from csv at5.03
link lifetime conversion finished at+5034600000.00ns
updating flows - path finding at5.03
Routing stable: Number of stable paths from source: 0to destination 3is 1 at timestamp 5.03
Routing stable: Number of stable paths from source: 3to destination 0is 1 at timestamp 5.03
Routing stable: Number of stable paths from source: 3to destination 0is 1 at timestamp 5.03
Routing stable: Number of stable paths from source: 3to destination 0is 1 at timestamp 5.03
Number of connected flows 3at timestamp 5.04
DEBUG matrix values:
  [0][1] = 634.96
  [1][0] = 634.96
  [1][2] = 634.96
  [2][1] = 634.96
  [2][3] = 634.96
  [3][2] = 634.96
DEBUG threshold: 0.40
DEBUG max lifetime in matrix: 634.96
DEBUG matrix size: 5
Proposed RL started at 5.04
1
1
1
1
Proposed RL learning finished at 5.04
Transmitting delta values at5.04
CP-FR TAMPER: node=0 flow=0 scale=0.50 t=5.04
CP-FR TAMPER: node=0 flow=1 scale=0.50 t=5.04
CP-FR TAMPER: node=0 flow=2 scale=0.50 t=5.04
CP-FR TAMPER: node=0 flow=3 scale=0.50 t=5.04
CP-FR TAMPER: node=1 flow=0 scale=0.50 t=5.04
CP-FR TAMPER: node=1 flow=1 scale=0.50 t=5.04
CP-FR TAMPER: node=1 flow=2 scale=0.50 t=5.04
CP-FR TAMPER: node=1 flow=3 scale=0.50 t=5.04
CP-FR TAMPER: node=2 flow=0 scale=0.50 t=5.04
CP-FR TAMPER: node=2 flow=1 scale=0.50 t=5.04
CP-FR TAMPER: node=2 flow=2 scale=0.50 t=5.04
CP-FR TAMPER: node=2 flow=3 scale=0.50 t=5.04
CP-FR TAMPER: node=3 flow=0 scale=0.50 t=5.04
CP-FR TAMPER: node=3 flow=1 scale=0.50 t=5.04
CP-FR TAMPER: node=3 flow=2 scale=0.50 t=5.04
CP-FR TAMPER: node=3 flow=3 scale=0.50 t=5.04





Initialized flow counters at 5.10
flow id 0sub flow load is 0.00 next hop 0packets 0
flow id 0sub flow load is 0.00 next hop 2packets 0
flow id 0sub flow load is 0.00 next hop 3packets 0
flow id 0sub flow load is 0.00 next hop 4packets 0
flow id 0sub flow load is 0.50 next hop 1packets 2
scheduled in channel 1
Flow id 0 scheduled 2total packets from 0
flow id 1sub flow load is 0.00 next hop 0packets 0
flow id 1sub flow load is 0.00 next hop 1packets 0
flow id 1sub flow load is 0.00 next hop 2packets 0
flow id 1sub flow load is 0.00 next hop 3packets 0
flow id 1sub flow load is 0.00 next hop 4packets 0
Flow id 1 scheduled 0total packets from 3
flow id 2sub flow load is 0.00 next hop 0packets 0
flow id 2sub flow load is 0.00 next hop 1packets 0
flow id 2sub flow load is 0.00 next hop 3packets 0
flow id 2sub flow load is 0.00 next hop 4packets 0
flow id 2sub flow load is 0.50 next hop 2packets 1
scheduled in channel 1
Flow id 2 scheduled 1total packets from 3
flow id 3sub flow load is 0.00 next hop 0packets 0
flow id 3sub flow load is 0.00 next hop 1packets 0
flow id 3sub flow load is 0.00 next hop 3packets 0
flow id 3sub flow load is 0.00 next hop 4packets 0
flow id 3sub flow load is 0.50 next hop 2packets 2
scheduled in channel 1
Flow id 3 scheduled 2total packets from 3
DP-FR DROP: node=0 flow=0 t=5.10
ATTACK PLACE 1: packet DROPPED node=0 flow=0 packetID=1 t=5.10
DP-FR FORWARD: node=0 flow=0 t=5.10
ATTACK PLACE 1: packet FORWARDED node=0 flow=0 packetID=1 t=5.10
[SHIELD-GH-ISOLATE] Node 1 blocked, dropping flow 0 t=5.10
ATTACK PLACE 2: retransmit DROPPED node=1 flow=0 packetID=1 t=5.10
DP-FR FORWARD: node=0 flow=0 t=5.13
ATTACK PLACE 1: packet FORWARDED node=0 flow=0 packetID=2 t=5.13
ATTACK PLACE 1: packet FORWARDED node=3 flow=2 packetID=1 t=5.15
ATTACK PLACE 2: retransmit FORWARDED node=2 flow=2 packetID=1 t=5.16
[SHIELD-GH-ISOLATE] Node 1 blocked, dropping flow 2 t=5.16
ATTACK PLACE 2: retransmit DROPPED node=1 flow=2 packetID=1 t=5.16
ATTACK PLACE 1: packet FORWARDED node=3 flow=3 packetID=1 t=5.18
ATTACK PLACE 2: retransmit FORWARDED node=2 flow=3 packetID=1 t=5.18
[SHIELD-GH-ISOLATE] Node 1 blocked, dropping flow 3 t=5.18
ATTACK PLACE 2: retransmit DROPPED node=1 flow=3 packetID=1 t=5.18
ATTACK PLACE 1: packet FORWARDED node=3 flow=3 packetID=2 t=5.21
ATTACK PLACE 2: retransmit FORWARDED node=2 flow=3 packetID=2 t=5.21
average_latency 2.45 ms
[LW-CP-Det] Controller 0 SUSPECTED — S4:1 S5:1 S6:0
[SHIELD-GH][CP] Controller 0 grey-hole flow rule detected | S4=1 S5=1 S6=0 | Tc=0.00 | t=6.00
[LW-DP-Det] Node 0 SUSPECTED — S1:0 S2:1 S3:0 corrPDR=0.69
[LW-DP-Det] Node 1 SUSPECTED — S1:1 S2:0 S3:0 corrPDR=0.19
=== SHIELD-GH DETECTION METRICS (node-level) ===
  Node TP=2 TN=2 FP=0 FN=0
  M1a Detection Accuracy: 100.00%
  M1b MCC: 1.00
  M2  False Positive Rate: 0.00%
================================================
average packet delivery ratio is 20.00
average jitter is 0.00
average load balance is 71.47
TP=0.00 TN=0.00 FP=7.00 FN=0.00
M1a Detection Accuracy: 0.00%
M1b MCC: 0.00
M2 False Positive Rate: 100.00%
M4a Detection Latency: 2898.01 ms
M4b Mitigation Response Time: 2948.00 ms
=== Per Node PDR ===
Node 0 | LocalPDR=66.67% (Fwd=2/Rcv=3) | E2E_PDR=0.00% (0/3) | RelayPDR=0.00% (Fwd=0/Rcv=0) [DP-ATTACKER] [CP-ATTACKER]
Node 1 | LocalPDR=0.00% (Fwd=0/Rcv=5) | E2E_PDR=0.00% (0/0) | RelayPDR=0.00% (Fwd=0/Rcv=7) [DP-ATTACKER] [CP-ATTACKER]
Node 2 | LocalPDR=100.00% (Fwd=3/Rcv=3) | E2E_PDR=0.00% (0/0) | RelayPDR=0.00% (Fwd=0/Rcv=7) [CP-ATTACKER]
Node 3 | LocalPDR=100.00% (Fwd=3/Rcv=3) | E2E_PDR=0.00% (0/4) | RelayPDR=0.00% (Fwd=0/Rcv=0) [CP-ATTACKER]
Node 4 | LocalPDR=0.00% (Fwd=0/Rcv=0) | E2E_PDR=0.00% (0/0) | RelayPDR=0.00% (Fwd=0/Rcv=0)
====================
written to file successfully
Solution at nodes cleared at 6.00
sent all flow data from node 4
current time is 6.00


At controller: updated flow source 0to destination 3flow size 3packet size 750QoS 1
At controller: updated flow source 3to destination 0flow size 0packet size 750QoS 1
At controller: updated flow source 3to destination 0flow size 3packet size 750QoS 1
At controller: updated flow source 3to destination 0flow size 2packet size 750QoS 1
Retransmission packet dropped for flow id 3packet ID: 2
Retransmission packet dropped for flow id 0packet ID: 2




link lifetime optimization beginning at 6.03
finished writing link lifetime status at6.03
Set parameter Username
Academic license - for non-commercial use only - expires 2027-05-08
delay is 907
reading lifetime from csv at6.03
link lifetime conversion finished at+6034600000.00ns
updating flows - path finding at6.03
Routing stable: Number of stable paths from source: 0to destination 3is 1 at timestamp 6.03
Routing stable: Number of stable paths from source: 3to destination 0is 1 at timestamp 6.03
Routing stable: Number of stable paths from source: 3to destination 0is 1 at timestamp 6.03
Routing stable: Number of stable paths from source: 3to destination 0is 1 at timestamp 6.03
Number of connected flows 3at timestamp 6.04
DEBUG matrix values:
  [0][1] = 634.96
  [1][0] = 634.96
  [1][2] = 634.96
  [2][1] = 634.96
  [2][3] = 634.96
  [3][2] = 634.96
DEBUG threshold: 0.40
DEBUG max lifetime in matrix: 634.96
DEBUG matrix size: 5
Proposed RL started at 6.04
1
1
1
1
Proposed RL learning finished at 6.04
Transmitting delta values at6.04
CP-FR TAMPER: node=0 flow=0 scale=0.50 t=6.04
CP-FR TAMPER: node=0 flow=1 scale=0.50 t=6.04
CP-FR TAMPER: node=0 flow=2 scale=0.50 t=6.04
CP-FR TAMPER: node=0 flow=3 scale=0.50 t=6.04
CP-FR TAMPER: node=1 flow=0 scale=0.50 t=6.04
CP-FR TAMPER: node=1 flow=1 scale=0.50 t=6.04
CP-FR TAMPER: node=1 flow=2 scale=0.50 t=6.04
CP-FR TAMPER: node=1 flow=3 scale=0.50 t=6.04
CP-FR TAMPER: node=2 flow=0 scale=0.50 t=6.04
CP-FR TAMPER: node=2 flow=1 scale=0.50 t=6.04
CP-FR TAMPER: node=2 flow=2 scale=0.50 t=6.04
CP-FR TAMPER: node=2 flow=3 scale=0.50 t=6.04
CP-FR TAMPER: node=3 flow=0 scale=0.50 t=6.04
CP-FR TAMPER: node=3 flow=1 scale=0.50 t=6.04
CP-FR TAMPER: node=3 flow=2 scale=0.50 t=6.04
CP-FR TAMPER: node=3 flow=3 scale=0.50 t=6.04





Initialized flow counters at 6.10
flow id 0sub flow load is 0.00 next hop 0packets 0
flow id 0sub flow load is 0.00 next hop 2packets 0
flow id 0sub flow load is 0.00 next hop 3packets 0
flow id 0sub flow load is 0.00 next hop 4packets 0
flow id 0sub flow load is 0.50 next hop 1packets 2
scheduled in channel 1
Flow id 0 scheduled 2total packets from 0
flow id 1sub flow load is 0.00 next hop 0packets 0
flow id 1sub flow load is 0.00 next hop 1packets 0
flow id 1sub flow load is 0.00 next hop 2packets 0
flow id 1sub flow load is 0.00 next hop 3packets 0
flow id 1sub flow load is 0.00 next hop 4packets 0
Flow id 1 scheduled 0total packets from 3
flow id 2sub flow load is 0.00 next hop 0packets 0
flow id 2sub flow load is 0.00 next hop 1packets 0
flow id 2sub flow load is 0.00 next hop 3packets 0
flow id 2sub flow load is 0.00 next hop 4packets 0
flow id 2sub flow load is 0.50 next hop 2packets 2
scheduled in channel 1
Flow id 2 scheduled 2total packets from 3
flow id 3sub flow load is 0.00 next hop 0packets 0
flow id 3sub flow load is 0.00 next hop 1packets 0
flow id 3sub flow load is 0.00 next hop 3packets 0
flow id 3sub flow load is 0.00 next hop 4packets 0
flow id 3sub flow load is 0.50 next hop 2packets 1
scheduled in channel 1
Flow id 3 scheduled 1total packets from 3
DP-FR DROP: node=0 flow=0 t=6.10
ATTACK PLACE 1: packet DROPPED node=0 flow=0 packetID=1 t=6.10
DP-FR DROP: node=0 flow=0 t=6.10
ATTACK PLACE 1: packet DROPPED node=0 flow=0 packetID=1 t=6.10
DP-FR FORWARD: node=0 flow=0 t=6.10
ATTACK PLACE 1: packet FORWARDED node=0 flow=0 packetID=1 t=6.10
[SHIELD-GH-ISOLATE] Node 1 blocked, dropping flow 0 t=6.11
ATTACK PLACE 2: retransmit DROPPED node=1 flow=0 packetID=1 t=6.11
DP-FR DROP: node=0 flow=0 t=6.13
ATTACK PLACE 1: packet DROPPED node=0 flow=0 packetID=2 t=6.13
DP-FR FORWARD: node=0 flow=0 t=6.13
ATTACK PLACE 1: packet FORWARDED node=0 flow=0 packetID=2 t=6.13
ATTACK PLACE 1: packet FORWARDED node=3 flow=2 packetID=1 t=6.15
ATTACK PLACE 2: retransmit FORWARDED node=2 flow=2 packetID=1 t=6.16
[SHIELD-GH-ISOLATE] Node 1 blocked, dropping flow 2 t=6.16
ATTACK PLACE 2: retransmit DROPPED node=1 flow=2 packetID=1 t=6.16
ATTACK PLACE 1: packet FORWARDED node=3 flow=2 packetID=2 t=6.18
ATTACK PLACE 1: packet FORWARDED node=3 flow=3 packetID=1 t=6.18
ATTACK PLACE 2: retransmit FORWARDED node=2 flow=3 packetID=1 t=6.18
ATTACK PLACE 2: retransmit FORWARDED node=2 flow=2 packetID=2 t=6.18
[SHIELD-GH-ISOLATE] Node 1 blocked, dropping flow 3 t=6.18
ATTACK PLACE 2: retransmit DROPPED node=1 flow=3 packetID=1 t=6.18
average_latency 2.04 ms
[LW-CP-Det] Controller 0 SUSPECTED — S4:1 S5:1 S6:0
[SHIELD-GH][CP] Controller 0 grey-hole flow rule detected | S4=1 S5=1 S6=0 | Tc=0.00 | t=7.00
[LW-DP-Det] Node 0 SUSPECTED — S1:0 S2:1 S3:0 corrPDR=0.62
[SHIELD-GH][LW-MIT] node 0 threshold FlowMod 3/3 RSU co-signed, quorum_ok=1 | t=7.00
[SHIELD-GH] Node 0 ISOLATED & BLOCKED | t=7.00 mode=LIGHTWEIGHT score=0.76 ZKP=FAIL real_attacker=1
[LW-DP-Det] Node 1 SUSPECTED — S1:1 S2:0 S3:0 corrPDR=0.16
=== SHIELD-GH DETECTION METRICS (node-level) ===
  Node TP=2 TN=2 FP=0 FN=0
  M1a Detection Accuracy: 100.00%
  M1b MCC: 1.00
  M2  False Positive Rate: 0.00%
================================================
average packet delivery ratio is 16.67
average jitter is 0.00
average load balance is 72.29
TP=0.00 TN=0.00 FP=8.00 FN=0.00
M1a Detection Accuracy: 0.00%
M1b MCC: 0.00
M2 False Positive Rate: 100.00%
M4a Detection Latency: 2898.01 ms
M4b Mitigation Response Time: 2948.00 ms
=== Per Node PDR ===
Node 0 | LocalPDR=40.00% (Fwd=2/Rcv=5) | E2E_PDR=0.00% (0/3) | RelayPDR=0.00% (Fwd=0/Rcv=0) [DP-ATTACKER] [CP-ATTACKER]
Node 1 | LocalPDR=0.00% (Fwd=0/Rcv=5) | E2E_PDR=0.00% (0/0) | RelayPDR=0.00% (Fwd=0/Rcv=8) [DP-ATTACKER] [CP-ATTACKER]
Node 2 | LocalPDR=100.00% (Fwd=3/Rcv=3) | E2E_PDR=0.00% (0/0) | RelayPDR=0.00% (Fwd=0/Rcv=8) [CP-ATTACKER]
Node 3 | LocalPDR=100.00% (Fwd=3/Rcv=3) | E2E_PDR=0.00% (0/5) | RelayPDR=0.00% (Fwd=0/Rcv=0) [CP-ATTACKER]
Node 4 | LocalPDR=0.00% (Fwd=0/Rcv=0) | E2E_PDR=0.00% (0/0) | RelayPDR=0.00% (Fwd=0/Rcv=0)
====================
written to file successfully
Solution at nodes cleared at 7.00
sent all flow data from node 4
current time is 7.00


At controller: updated flow source 0to destination 3flow size 3packet size 750QoS 1
At controller: updated flow source 3to destination 0flow size 1packet size 750QoS 1
At controller: updated flow source 3to destination 0flow size 0packet size 750QoS 1
At controller: updated flow source 3to destination 0flow size 1packet size 750QoS 1
Retransmission packet dropped for flow id 0packet ID: 2
Retransmission packet dropped for flow id 2packet ID: 2




link lifetime optimization beginning at 7.03
finished writing link lifetime status at7.03
Set parameter Username
Academic license - for non-commercial use only - expires 2027-05-08
delay is 863
reading lifetime from csv at7.03
link lifetime conversion finished at+7034600000.00ns
updating flows - path finding at7.03
Routing stable: Number of stable paths from source: 0to destination 3is 1 at timestamp 7.03
Routing stable: Number of stable paths from source: 3to destination 0is 1 at timestamp 7.03
Routing stable: Number of stable paths from source: 3to destination 0is 1 at timestamp 7.03
Routing stable: Number of stable paths from source: 3to destination 0is 1 at timestamp 7.03
Number of connected flows 3at timestamp 7.04
DEBUG matrix values:
  [0][1] = 634.96
  [1][0] = 634.96
  [1][2] = 634.96
  [2][1] = 634.96
  [2][3] = 634.96
  [3][2] = 634.96
DEBUG threshold: 0.40
DEBUG max lifetime in matrix: 634.96
DEBUG matrix size: 5
Proposed RL started at 7.04
1
1
1
1
Proposed RL learning finished at 7.04
Transmitting delta values at7.04
CP-FR TAMPER: node=0 flow=0 scale=0.50 t=7.04
CP-FR TAMPER: node=0 flow=1 scale=0.50 t=7.04
CP-FR TAMPER: node=0 flow=2 scale=0.50 t=7.04
CP-FR TAMPER: node=0 flow=3 scale=0.50 t=7.04
CP-FR TAMPER: node=1 flow=0 scale=0.50 t=7.04
CP-FR TAMPER: node=1 flow=1 scale=0.50 t=7.04
CP-FR TAMPER: node=1 flow=2 scale=0.50 t=7.04
CP-FR TAMPER: node=1 flow=3 scale=0.50 t=7.04
CP-FR TAMPER: node=2 flow=0 scale=0.50 t=7.04
CP-FR TAMPER: node=2 flow=1 scale=0.50 t=7.04
CP-FR TAMPER: node=2 flow=2 scale=0.50 t=7.04
CP-FR TAMPER: node=2 flow=3 scale=0.50 t=7.04
CP-FR TAMPER: node=3 flow=0 scale=0.50 t=7.04
CP-FR TAMPER: node=3 flow=1 scale=0.50 t=7.04
CP-FR TAMPER: node=3 flow=2 scale=0.50 t=7.04
CP-FR TAMPER: node=3 flow=3 scale=0.50 t=7.04





Initialized flow counters at 7.10
flow id 0sub flow load is 0.00 next hop 0packets 0
flow id 0sub flow load is 0.00 next hop 2packets 0
flow id 0sub flow load is 0.00 next hop 3packets 0
flow id 0sub flow load is 0.00 next hop 4packets 0
flow id 0sub flow load is 0.50 next hop 1packets 2
scheduled in channel 1
Flow id 0 scheduled 2total packets from 0
flow id 1sub flow load is 0.00 next hop 0packets 0
flow id 1sub flow load is 0.00 next hop 1packets 0
flow id 1sub flow load is 0.00 next hop 2packets 0
flow id 1sub flow load is 0.00 next hop 3packets 0
flow id 1sub flow load is 0.00 next hop 4packets 0
Flow id 1 scheduled 0total packets from 3
flow id 2sub flow load is 0.00 next hop 0packets 0
flow id 2sub flow load is 0.00 next hop 1packets 0
flow id 2sub flow load is 0.00 next hop 2packets 0
flow id 2sub flow load is 0.00 next hop 3packets 0
flow id 2sub flow load is 0.00 next hop 4packets 0
Flow id 2 scheduled 0total packets from 3
flow id 3sub flow load is 0.00 next hop 0packets 0
flow id 3sub flow load is 0.00 next hop 1packets 0
flow id 3sub flow load is 0.00 next hop 3packets 0
flow id 3sub flow load is 0.00 next hop 4packets 0
flow id 3sub flow load is 0.50 next hop 2packets 1
scheduled in channel 1
Flow id 3 scheduled 1total packets from 3
[SHIELD-GH-ISOLATE] Node 0 blocked, dropping flow 0 t=7.10
ATTACK PLACE 1: packet DROPPED node=0 flow=0 packetID=1 t=7.10
[SHIELD-GH-ISOLATE] Node 0 blocked, dropping flow 0 t=7.10
ATTACK PLACE 1: packet DROPPED node=0 flow=0 packetID=1 t=7.10
[SHIELD-GH-ISOLATE] Node 0 blocked, dropping flow 0 t=7.10
ATTACK PLACE 1: packet DROPPED node=0 flow=0 packetID=1 t=7.10
[SHIELD-GH-ISOLATE] Node 0 blocked, dropping flow 0 t=7.11
ATTACK PLACE 1: packet DROPPED node=0 flow=0 packetID=1 t=7.11
Intial transmission packet dropped for flow id 0packet ID: 1
[SHIELD-GH-ISOLATE] Node 0 blocked, dropping flow 0 t=7.13
ATTACK PLACE 1: packet DROPPED node=0 flow=0 packetID=2 t=7.13
[SHIELD-GH-ISOLATE] Node 0 blocked, dropping flow 0 t=7.13
ATTACK PLACE 1: packet DROPPED node=0 flow=0 packetID=2 t=7.13
[SHIELD-GH-ISOLATE] Node 0 blocked, dropping flow 0 t=7.13
ATTACK PLACE 1: packet DROPPED node=0 flow=0 packetID=2 t=7.13
[SHIELD-GH-ISOLATE] Node 0 blocked, dropping flow 0 t=7.13
ATTACK PLACE 1: packet DROPPED node=0 flow=0 packetID=2 t=7.13
Intial transmission packet dropped for flow id 0packet ID: 2
ATTACK PLACE 1: packet FORWARDED node=3 flow=3 packetID=1 t=7.18
ATTACK PLACE 2: retransmit FORWARDED node=2 flow=3 packetID=1 t=7.18
[SHIELD-GH-ISOLATE] Node 1 blocked, dropping flow 3 t=7.18
ATTACK PLACE 2: retransmit DROPPED node=1 flow=3 packetID=1 t=7.18
average_latency 1.75 ms
[LW-CP-Det] Controller 0 SUSPECTED — S4:1 S5:1 S6:0
[SHIELD-GH][CP] Controller 0 grey-hole flow rule detected | S4=1 S5=1 S6=0 | Tc=0.00 | t=8.00
[LW-DP-Det] Node 0 SUSPECTED — S1:1 S2:1 S3:0 corrPDR=0.45
[SHIELD-GH] Node 0 RATE-LIMITED | Λ=3
[LW-DP-Det] Node 1 SUSPECTED — S1:1 S2:0 S3:0 corrPDR=0.15
=== SHIELD-GH DETECTION METRICS (node-level) ===
  Node TP=2 TN=2 FP=0 FN=0
  M1a Detection Accuracy: 100.00%
  M1b MCC: 1.00
  M2  False Positive Rate: 0.00%
================================================
average packet delivery ratio is 14.29
average jitter is 0.00
average load balance is 69.90
TP=0.00 TN=0.00 FP=4.00 FN=0.00
M1a Detection Accuracy: 0.00%
M1b MCC: 0.00
M2 False Positive Rate: 100.00%
M4a Detection Latency: 2898.01 ms
M4b Mitigation Response Time: 2948.00 ms
=== Per Node PDR ===
Node 0 | LocalPDR=0.00% (Fwd=0/Rcv=8) | E2E_PDR=0.00% (0/3) | RelayPDR=0.00% (Fwd=0/Rcv=0) [DP-ATTACKER] [CP-ATTACKER]
Node 1 | LocalPDR=0.00% (Fwd=0/Rcv=1) | E2E_PDR=0.00% (0/0) | RelayPDR=0.00% (Fwd=0/Rcv=4) [DP-ATTACKER] [CP-ATTACKER]
Node 2 | LocalPDR=100.00% (Fwd=1/Rcv=1) | E2E_PDR=0.00% (0/0) | RelayPDR=0.00% (Fwd=0/Rcv=4) [CP-ATTACKER]
Node 3 | LocalPDR=100.00% (Fwd=1/Rcv=1) | E2E_PDR=0.00% (0/1) | RelayPDR=0.00% (Fwd=0/Rcv=0) [CP-ATTACKER]
Node 4 | LocalPDR=0.00% (Fwd=0/Rcv=0) | E2E_PDR=0.00% (0/0) | RelayPDR=0.00% (Fwd=0/Rcv=0)
====================
written to file successfully
Solution at nodes cleared at 8.00
sent all flow data from node 4
current time is 8.00


At controller: updated flow source 0to destination 3flow size 3packet size 750QoS 1
At controller: updated flow source 3to destination 0flow size 1packet size 750QoS 1
At controller: updated flow source 3to destination 0flow size 3packet size 750QoS 1
At controller: updated flow source 3to destination 0flow size 2packet size 750QoS 1




link lifetime optimization beginning at 8.03
finished writing link lifetime status at8.03
Set parameter Username
Academic license - for non-commercial use only - expires 2027-05-08
delay is 924
reading lifetime from csv at8.03
link lifetime conversion finished at+8034600000.00ns
updating flows - path finding at8.03
Routing stable: Number of stable paths from source: 0to destination 3is 1 at timestamp 8.03
Routing stable: Number of stable paths from source: 3to destination 0is 1 at timestamp 8.03
Routing stable: Number of stable paths from source: 3to destination 0is 1 at timestamp 8.03
Routing stable: Number of stable paths from source: 3to destination 0is 1 at timestamp 8.03
Number of connected flows 3at timestamp 8.04
DEBUG matrix values:
  [0][1] = 634.96
  [1][0] = 634.96
  [1][2] = 634.96
  [2][1] = 634.96
  [2][3] = 634.96
  [3][2] = 634.96
DEBUG threshold: 0.40
DEBUG max lifetime in matrix: 634.96
DEBUG matrix size: 5
Proposed RL started at 8.04
1
1
1
1
Proposed RL learning finished at 8.04
Transmitting delta values at8.04
CP-FR TAMPER: node=0 flow=0 scale=0.50 t=8.04
CP-FR TAMPER: node=0 flow=1 scale=0.50 t=8.04
CP-FR TAMPER: node=0 flow=2 scale=0.50 t=8.04
CP-FR TAMPER: node=0 flow=3 scale=0.50 t=8.04
CP-FR TAMPER: node=1 flow=0 scale=0.50 t=8.04
CP-FR TAMPER: node=1 flow=1 scale=0.50 t=8.04
CP-FR TAMPER: node=1 flow=2 scale=0.50 t=8.04
CP-FR TAMPER: node=1 flow=3 scale=0.50 t=8.04
CP-FR TAMPER: node=2 flow=0 scale=0.50 t=8.04
CP-FR TAMPER: node=2 flow=1 scale=0.50 t=8.04
CP-FR TAMPER: node=2 flow=2 scale=0.50 t=8.04
CP-FR TAMPER: node=2 flow=3 scale=0.50 t=8.04
CP-FR TAMPER: node=3 flow=0 scale=0.50 t=8.04
CP-FR TAMPER: node=3 flow=1 scale=0.50 t=8.04
CP-FR TAMPER: node=3 flow=2 scale=0.50 t=8.04
CP-FR TAMPER: node=3 flow=3 scale=0.50 t=8.04





Initialized flow counters at 8.10
flow id 0sub flow load is 0.00 next hop 0packets 0
flow id 0sub flow load is 0.00 next hop 2packets 0
flow id 0sub flow load is 0.00 next hop 3packets 0
flow id 0sub flow load is 0.00 next hop 4packets 0
flow id 0sub flow load is 0.50 next hop 1packets 2
scheduled in channel 1
Flow id 0 scheduled 2total packets from 0
flow id 1sub flow load is 0.00 next hop 0packets 0
flow id 1sub flow load is 0.00 next hop 1packets 0
flow id 1sub flow load is 0.00 next hop 2packets 0
flow id 1sub flow load is 0.00 next hop 3packets 0
flow id 1sub flow load is 0.00 next hop 4packets 0
Flow id 1 scheduled 0total packets from 3
flow id 2sub flow load is 0.00 next hop 0packets 0
flow id 2sub flow load is 0.00 next hop 1packets 0
flow id 2sub flow load is 0.00 next hop 3packets 0
flow id 2sub flow load is 0.00 next hop 4packets 0
flow id 2sub flow load is 0.50 next hop 2packets 2
scheduled in channel 1
Flow id 2 scheduled 2total packets from 3
flow id 3sub flow load is 0.00 next hop 0packets 0
flow id 3sub flow load is 0.00 next hop 1packets 0
flow id 3sub flow load is 0.00 next hop 3packets 0
flow id 3sub flow load is 0.00 next hop 4packets 0
flow id 3sub flow load is 0.50 next hop 2packets 1
scheduled in channel 1
Flow id 3 scheduled 1total packets from 3
[SHIELD-GH-ISOLATE] Node 0 blocked, dropping flow 0 t=8.10
ATTACK PLACE 1: packet DROPPED node=0 flow=0 packetID=1 t=8.10
[SHIELD-GH-ISOLATE] Node 0 blocked, dropping flow 0 t=8.10
ATTACK PLACE 1: packet DROPPED node=0 flow=0 packetID=1 t=8.10
[SHIELD-GH-ISOLATE] Node 0 blocked, dropping flow 0 t=8.10
ATTACK PLACE 1: packet DROPPED node=0 flow=0 packetID=1 t=8.10
[SHIELD-GH-ISOLATE] Node 0 blocked, dropping flow 0 t=8.11
ATTACK PLACE 1: packet DROPPED node=0 flow=0 packetID=1 t=8.11
Intial transmission packet dropped for flow id 0packet ID: 1
[SHIELD-GH-ISOLATE] Node 0 blocked, dropping flow 0 t=8.13
ATTACK PLACE 1: packet DROPPED node=0 flow=0 packetID=2 t=8.13
[SHIELD-GH-ISOLATE] Node 0 blocked, dropping flow 0 t=8.13
ATTACK PLACE 1: packet DROPPED node=0 flow=0 packetID=2 t=8.13
[SHIELD-GH-ISOLATE] Node 0 blocked, dropping flow 0 t=8.13
ATTACK PLACE 1: packet DROPPED node=0 flow=0 packetID=2 t=8.13
[SHIELD-GH-ISOLATE] Node 0 blocked, dropping flow 0 t=8.13
ATTACK PLACE 1: packet DROPPED node=0 flow=0 packetID=2 t=8.13
Intial transmission packet dropped for flow id 0packet ID: 2
ATTACK PLACE 1: packet FORWARDED node=3 flow=2 packetID=1 t=8.15
ATTACK PLACE 2: retransmit FORWARDED node=2 flow=2 packetID=1 t=8.16
[SHIELD-GH-ISOLATE] Node 1 blocked, dropping flow 2 t=8.16
ATTACK PLACE 2: retransmit DROPPED node=1 flow=2 packetID=1 t=8.16
ATTACK PLACE 1: packet FORWARDED node=3 flow=2 packetID=2 t=8.18
ATTACK PLACE 1: packet FORWARDED node=3 flow=3 packetID=1 t=8.18
ATTACK PLACE 2: retransmit FORWARDED node=2 flow=2 packetID=2 t=8.18
ATTACK PLACE 2: retransmit FORWARDED node=2 flow=3 packetID=1 t=8.19
[SHIELD-GH-ISOLATE] Node 1 blocked, dropping flow 3 t=8.19
ATTACK PLACE 2: retransmit DROPPED node=1 flow=3 packetID=1 t=8.19
average_latency 1.53 ms
[LW-CP-Det] Controller 0 SUSPECTED — S4:1 S5:1 S6:0
[SHIELD-GH][CP] Controller 0 grey-hole flow rule detected | S4=1 S5=1 S6=0 | Tc=0.00 | t=9.00
[LW-DP-Det] Node 0 SUSPECTED — S1:1 S2:1 S3:0 corrPDR=0.36
[SHIELD-GH] Node 0 RATE-LIMITED | Λ=3
[LW-DP-Det] Node 1 SUSPECTED — S1:1 S2:0 S3:0 corrPDR=0.14
=== SHIELD-GH DETECTION METRICS (node-level) ===
  Node TP=2 TN=2 FP=0 FN=0
  M1a Detection Accuracy: 100.00%
  M1b MCC: 1.00
  M2  False Positive Rate: 0.00%
================================================
average packet delivery ratio is 12.50
average jitter is 0.00
average load balance is 70.99
TP=0.00 TN=0.00 FP=8.00 FN=0.00
M1a Detection Accuracy: 0.00%
M1b MCC: 0.00
M2 False Positive Rate: 100.00%
M4a Detection Latency: 2898.01 ms
M4b Mitigation Response Time: 2948.00 ms
=== Per Node PDR ===
Node 0 | LocalPDR=0.00% (Fwd=0/Rcv=8) | E2E_PDR=0.00% (0/3) | RelayPDR=0.00% (Fwd=0/Rcv=0) [DP-ATTACKER] [CP-ATTACKER]
Node 1 | LocalPDR=0.00% (Fwd=0/Rcv=3) | E2E_PDR=0.00% (0/0) | RelayPDR=0.00% (Fwd=0/Rcv=8) [DP-ATTACKER] [CP-ATTACKER]
Node 2 | LocalPDR=100.00% (Fwd=3/Rcv=3) | E2E_PDR=0.00% (0/0) | RelayPDR=0.00% (Fwd=0/Rcv=8) [CP-ATTACKER]
Node 3 | LocalPDR=100.00% (Fwd=3/Rcv=3) | E2E_PDR=0.00% (0/5) | RelayPDR=0.00% (Fwd=0/Rcv=0) [CP-ATTACKER]
Node 4 | LocalPDR=0.00% (Fwd=0/Rcv=0) | E2E_PDR=0.00% (0/0) | RelayPDR=0.00% (Fwd=0/Rcv=0)
====================
written to file successfully
Solution at nodes cleared at 9.00
sent all flow data from node 4
current time is 9.00


At controller: updated flow source 0to destination 3flow size 3packet size 750QoS 1
At controller: updated flow source 3to destination 0flow size 0packet size 750QoS 1
At controller: updated flow source 3to destination 0flow size 2packet size 750QoS 1
At controller: updated flow source 3to destination 0flow size 0packet size 750QoS 1
Retransmission packet dropped for flow id 2packet ID: 2




link lifetime optimization beginning at 9.03
finished writing link lifetime status at9.03
Set parameter Username
Academic license - for non-commercial use only - expires 2027-05-08
delay is 1021
reading lifetime from csv at9.03
link lifetime conversion finished at+9034600000.00ns
updating flows - path finding at9.03
Routing stable: Number of stable paths from source: 0to destination 3is 1 at timestamp 9.03
Routing stable: Number of stable paths from source: 3to destination 0is 1 at timestamp 9.03
Routing stable: Number of stable paths from source: 3to destination 0is 1 at timestamp 9.03
Routing stable: Number of stable paths from source: 3to destination 0is 1 at timestamp 9.03
Number of connected flows 3at timestamp 9.04
DEBUG matrix values:
  [0][1] = 634.96
  [1][0] = 634.96
  [1][2] = 634.96
  [2][1] = 634.96
  [2][3] = 634.96
  [3][2] = 634.96
DEBUG threshold: 0.40
DEBUG max lifetime in matrix: 634.96
DEBUG matrix size: 5
Proposed RL started at 9.04
1
1
1
1
Proposed RL learning finished at 9.04
Transmitting delta values at9.04
CP-FR TAMPER: node=0 flow=0 scale=0.50 t=9.04
CP-FR TAMPER: node=0 flow=1 scale=0.50 t=9.04
CP-FR TAMPER: node=0 flow=2 scale=0.50 t=9.04
CP-FR TAMPER: node=0 flow=3 scale=0.50 t=9.04
CP-FR TAMPER: node=1 flow=0 scale=0.50 t=9.04
CP-FR TAMPER: node=1 flow=1 scale=0.50 t=9.04
CP-FR TAMPER: node=1 flow=2 scale=0.50 t=9.04
CP-FR TAMPER: node=1 flow=3 scale=0.50 t=9.04
CP-FR TAMPER: node=2 flow=0 scale=0.50 t=9.04
CP-FR TAMPER: node=2 flow=1 scale=0.50 t=9.04
CP-FR TAMPER: node=2 flow=2 scale=0.50 t=9.04
CP-FR TAMPER: node=2 flow=3 scale=0.50 t=9.04
CP-FR TAMPER: node=3 flow=0 scale=0.50 t=9.04
CP-FR TAMPER: node=3 flow=1 scale=0.50 t=9.04
CP-FR TAMPER: node=3 flow=2 scale=0.50 t=9.04
CP-FR TAMPER: node=3 flow=3 scale=0.50 t=9.04





Initialized flow counters at 9.10
flow id 0sub flow load is 0.00 next hop 0packets 0
flow id 0sub flow load is 0.00 next hop 2packets 0
flow id 0sub flow load is 0.00 next hop 3packets 0
flow id 0sub flow load is 0.00 next hop 4packets 0
flow id 0sub flow load is 0.50 next hop 1packets 2
scheduled in channel 1
Flow id 0 scheduled 2total packets from 0
flow id 1sub flow load is 0.00 next hop 0packets 0
flow id 1sub flow load is 0.00 next hop 1packets 0
flow id 1sub flow load is 0.00 next hop 2packets 0
flow id 1sub flow load is 0.00 next hop 3packets 0
flow id 1sub flow load is 0.00 next hop 4packets 0
Flow id 1 scheduled 0total packets from 3
flow id 2sub flow load is 0.00 next hop 0packets 0
flow id 2sub flow load is 0.00 next hop 1packets 0
flow id 2sub flow load is 0.00 next hop 3packets 0
flow id 2sub flow load is 0.00 next hop 4packets 0
flow id 2sub flow load is 0.50 next hop 2packets 1
scheduled in channel 1
Flow id 2 scheduled 1total packets from 3
flow id 3sub flow load is 0.00 next hop 0packets 0
flow id 3sub flow load is 0.00 next hop 1packets 0
flow id 3sub flow load is 0.00 next hop 2packets 0
flow id 3sub flow load is 0.00 next hop 3packets 0
flow id 3sub flow load is 0.00 next hop 4packets 0
Flow id 3 scheduled 0total packets from 3
[SHIELD-GH-ISOLATE] Node 0 blocked, dropping flow 0 t=9.10
ATTACK PLACE 1: packet DROPPED node=0 flow=0 packetID=1 t=9.10
[SHIELD-GH-ISOLATE] Node 0 blocked, dropping flow 0 t=9.10
ATTACK PLACE 1: packet DROPPED node=0 flow=0 packetID=1 t=9.10
[SHIELD-GH-ISOLATE] Node 0 blocked, dropping flow 0 t=9.10
ATTACK PLACE 1: packet DROPPED node=0 flow=0 packetID=1 t=9.10
[SHIELD-GH-ISOLATE] Node 0 blocked, dropping flow 0 t=9.11
ATTACK PLACE 1: packet DROPPED node=0 flow=0 packetID=1 t=9.11
Intial transmission packet dropped for flow id 0packet ID: 1
[SHIELD-GH-ISOLATE] Node 0 blocked, dropping flow 0 t=9.13
ATTACK PLACE 1: packet DROPPED node=0 flow=0 packetID=2 t=9.13
[SHIELD-GH-ISOLATE] Node 0 blocked, dropping flow 0 t=9.13
ATTACK PLACE 1: packet DROPPED node=0 flow=0 packetID=2 t=9.13
[SHIELD-GH-ISOLATE] Node 0 blocked, dropping flow 0 t=9.13
ATTACK PLACE 1: packet DROPPED node=0 flow=0 packetID=2 t=9.13
[SHIELD-GH-ISOLATE] Node 0 blocked, dropping flow 0 t=9.13
ATTACK PLACE 1: packet DROPPED node=0 flow=0 packetID=2 t=9.13
Intial transmission packet dropped for flow id 0packet ID: 2
ATTACK PLACE 1: packet FORWARDED node=3 flow=2 packetID=1 t=9.15
ATTACK PLACE 2: retransmit FORWARDED node=2 flow=2 packetID=1 t=9.16
[SHIELD-GH-ISOLATE] Node 1 blocked, dropping flow 2 t=9.16
ATTACK PLACE 2: retransmit DROPPED node=1 flow=2 packetID=1 t=9.16
average_latency 1.36 ms
[LW-CP-Det] Controller 0 SUSPECTED — S4:1 S5:1 S6:0
[SHIELD-GH][CP] Controller 0 grey-hole flow rule detected | S4=1 S5=1 S6=0 | Tc=0.00 | t=10.00
[LW-DP-Det] Node 0 SUSPECTED — S1:1 S2:1 S3:0 corrPDR=0.29
[SHIELD-GH] Node 0 RATE-LIMITED | Λ=4
[LW-DP-Det] Node 1 SUSPECTED — S1:1 S2:0 S3:0 corrPDR=0.13
=== SHIELD-GH DETECTION METRICS (node-level) ===
  Node TP=2 TN=2 FP=0 FN=0
  M1a Detection Accuracy: 100.00%
  M1b MCC: 1.00
  M2  False Positive Rate: 0.00%
================================================
average packet delivery ratio is 11.11
average jitter is 0.00
average load balance is 71.74
TP=0.00 TN=0.00 FP=5.00 FN=0.00
M1a Detection Accuracy: 0.00%
M1b MCC: 0.00
M2 False Positive Rate: 100.00%
M4a Detection Latency: 2898.01 ms
M4b Mitigation Response Time: 2948.00 ms
=== Per Node PDR ===
Node 0 | LocalPDR=0.00% (Fwd=0/Rcv=8) | E2E_PDR=0.00% (0/3) | RelayPDR=0.00% (Fwd=0/Rcv=0) [DP-ATTACKER] [CP-ATTACKER]
Node 1 | LocalPDR=0.00% (Fwd=0/Rcv=1) | E2E_PDR=0.00% (0/0) | RelayPDR=0.00% (Fwd=0/Rcv=5) [DP-ATTACKER] [CP-ATTACKER]
Node 2 | LocalPDR=100.00% (Fwd=1/Rcv=1) | E2E_PDR=0.00% (0/0) | RelayPDR=0.00% (Fwd=0/Rcv=5) [CP-ATTACKER]
Node 3 | LocalPDR=100.00% (Fwd=1/Rcv=1) | E2E_PDR=0.00% (0/2) | RelayPDR=0.00% (Fwd=0/Rcv=0) [CP-ATTACKER]
Node 4 | LocalPDR=0.00% (Fwd=0/Rcv=0) | E2E_PDR=0.00% (0/0) | RelayPDR=0.00% (Fwd=0/Rcv=0)
====================
written to file successfully
Solution at nodes cleared at 10.00
sent all flow data from node 4
current time is 10.00


At controller: updated flow source 0to destination 3flow size 3packet size 750QoS 1
At controller: updated flow source 3to destination 0flow size 1packet size 750QoS 1
At controller: updated flow source 3to destination 0flow size 3packet size 750QoS 1
At controller: updated flow source 3to destination 0flow size 2packet size 750QoS 1




link lifetime optimization beginning at 10.03
finished writing link lifetime status at10.03
Set parameter Username
Academic license - for non-commercial use only - expires 2027-05-08
delay is 1008
reading lifetime from csv at10.03
link lifetime conversion finished at+10034600000.00ns
updating flows - path finding at10.03
Routing stable: Number of stable paths from source: 0to destination 3is 1 at timestamp 10.03
Routing stable: Number of stable paths from source: 3to destination 0is 1 at timestamp 10.03
Routing stable: Number of stable paths from source: 3to destination 0is 1 at timestamp 10.03
Routing stable: Number of stable paths from source: 3to destination 0is 1 at timestamp 10.03
Number of connected flows 3at timestamp 10.04
DEBUG matrix values:
  [0][1] = 634.96
  [1][0] = 634.96
  [1][2] = 634.96
  [2][1] = 634.96
  [2][3] = 634.96
  [3][2] = 634.96
DEBUG threshold: 0.40
DEBUG max lifetime in matrix: 634.96
DEBUG matrix size: 5
Proposed RL started at 10.04
1
1
1
1
Proposed RL learning finished at 10.04
Transmitting delta values at10.04
CP-FR TAMPER: node=0 flow=0 scale=0.50 t=10.04
CP-FR TAMPER: node=0 flow=1 scale=0.50 t=10.04
CP-FR TAMPER: node=0 flow=2 scale=0.50 t=10.04
CP-FR TAMPER: node=0 flow=3 scale=0.50 t=10.04
CP-FR TAMPER: node=1 flow=0 scale=0.50 t=10.04
CP-FR TAMPER: node=1 flow=1 scale=0.50 t=10.04
CP-FR TAMPER: node=1 flow=2 scale=0.50 t=10.04
CP-FR TAMPER: node=1 flow=3 scale=0.50 t=10.04
CP-FR TAMPER: node=2 flow=0 scale=0.50 t=10.04
CP-FR TAMPER: node=2 flow=1 scale=0.50 t=10.04
CP-FR TAMPER: node=2 flow=2 scale=0.50 t=10.04
CP-FR TAMPER: node=2 flow=3 scale=0.50 t=10.04
CP-FR TAMPER: node=3 flow=0 scale=0.50 t=10.04
CP-FR TAMPER: node=3 flow=1 scale=0.50 t=10.04
CP-FR TAMPER: node=3 flow=2 scale=0.50 t=10.04
CP-FR TAMPER: node=3 flow=3 scale=0.50 t=10.04





Initialized flow counters at 10.10
flow id 0sub flow load is 0.00 next hop 0packets 0
flow id 0sub flow load is 0.00 next hop 2packets 0
flow id 0sub flow load is 0.00 next hop 3packets 0
flow id 0sub flow load is 0.00 next hop 4packets 0
flow id 0sub flow load is 0.50 next hop 1packets 2
scheduled in channel 1
Flow id 0 scheduled 2total packets from 0
flow id 1sub flow load is 0.00 next hop 0packets 0
flow id 1sub flow load is 0.00 next hop 1packets 0
flow id 1sub flow load is 0.00 next hop 2packets 0
flow id 1sub flow load is 0.00 next hop 3packets 0
flow id 1sub flow load is 0.00 next hop 4packets 0
Flow id 1 scheduled 0total packets from 3
flow id 2sub flow load is 0.00 next hop 0packets 0
flow id 2sub flow load is 0.00 next hop 1packets 0
flow id 2sub flow load is 0.00 next hop 3packets 0
flow id 2sub flow load is 0.00 next hop 4packets 0
flow id 2sub flow load is 0.50 next hop 2packets 2
scheduled in channel 1
Flow id 2 scheduled 2total packets from 3
flow id 3sub flow load is 0.00 next hop 0packets 0
flow id 3sub flow load is 0.00 next hop 1packets 0
flow id 3sub flow load is 0.00 next hop 3packets 0
flow id 3sub flow load is 0.00 next hop 4packets 0
flow id 3sub flow load is 0.50 next hop 2packets 1
scheduled in channel 1
Flow id 3 scheduled 1total packets from 3
[SHIELD-GH-ISOLATE] Node 0 blocked, dropping flow 0 t=10.10
ATTACK PLACE 1: packet DROPPED node=0 flow=0 packetID=1 t=10.10
[SHIELD-GH-ISOLATE] Node 0 blocked, dropping flow 0 t=10.10
ATTACK PLACE 1: packet DROPPED node=0 flow=0 packetID=1 t=10.10
[SHIELD-GH-ISOLATE] Node 0 blocked, dropping flow 0 t=10.10
ATTACK PLACE 1: packet DROPPED node=0 flow=0 packetID=1 t=10.10
[SHIELD-GH-ISOLATE] Node 0 blocked, dropping flow 0 t=10.11
ATTACK PLACE 1: packet DROPPED node=0 flow=0 packetID=1 t=10.11
Intial transmission packet dropped for flow id 0packet ID: 1
[SHIELD-GH-ISOLATE] Node 0 blocked, dropping flow 0 t=10.13
ATTACK PLACE 1: packet DROPPED node=0 flow=0 packetID=2 t=10.13
[SHIELD-GH-ISOLATE] Node 0 blocked, dropping flow 0 t=10.13
ATTACK PLACE 1: packet DROPPED node=0 flow=0 packetID=2 t=10.13
[SHIELD-GH-ISOLATE] Node 0 blocked, dropping flow 0 t=10.13
ATTACK PLACE 1: packet DROPPED node=0 flow=0 packetID=2 t=10.13
[SHIELD-GH-ISOLATE] Node 0 blocked, dropping flow 0 t=10.13
ATTACK PLACE 1: packet DROPPED node=0 flow=0 packetID=2 t=10.13
Intial transmission packet dropped for flow id 0packet ID: 2
ATTACK PLACE 1: packet FORWARDED node=3 flow=2 packetID=1 t=10.15
ATTACK PLACE 2: retransmit FORWARDED node=2 flow=2 packetID=1 t=10.16
[SHIELD-GH-ISOLATE] Node 1 blocked, dropping flow 2 t=10.16
ATTACK PLACE 2: retransmit DROPPED node=1 flow=2 packetID=1 t=10.16
ATTACK PLACE 1: packet FORWARDED node=3 flow=3 packetID=1 t=10.18
ATTACK PLACE 1: packet FORWARDED node=3 flow=2 packetID=2 t=10.18
ATTACK PLACE 2: retransmit FORWARDED node=2 flow=2 packetID=2 t=10.18
ATTACK PLACE 2: retransmit FORWARDED node=2 flow=3 packetID=1 t=10.19
[SHIELD-GH-ISOLATE] Node 1 blocked, dropping flow 3 t=10.19
ATTACK PLACE 2: retransmit DROPPED node=1 flow=3 packetID=1 t=10.19
average_latency 1.23 ms
[LW-CP-Det] Controller 0 SUSPECTED — S4:1 S5:1 S6:0
[SHIELD-GH][CP] Controller 0 grey-hole flow rule detected | S4=1 S5=1 S6=0 | Tc=0.00 | t=11.00
[LW-DP-Det] Node 0 SUSPECTED — S1:1 S2:1 S3:0 corrPDR=0.25
[LW-DP-Det] Node 1 SUSPECTED — S1:1 S2:0 S3:0 corrPDR=0.12
=== SHIELD-GH DETECTION METRICS (node-level) ===
  Node TP=2 TN=2 FP=0 FN=0
  M1a Detection Accuracy: 100.00%
  M1b MCC: 1.00
  M2  False Positive Rate: 0.00%
================================================
average packet delivery ratio is 10.00
average jitter is 0.00
average load balance is 72.43
TP=0.00 TN=0.00 FP=8.00 FN=0.00
M1a Detection Accuracy: 0.00%
M1b MCC: 0.00
M2 False Positive Rate: 100.00%
M4a Detection Latency: 2898.01 ms
M4b Mitigation Response Time: 2948.00 ms
=== Per Node PDR ===
Node 0 | LocalPDR=0.00% (Fwd=0/Rcv=8) | E2E_PDR=0.00% (0/3) | RelayPDR=0.00% (Fwd=0/Rcv=0) [DP-ATTACKER] [CP-ATTACKER]
Node 1 | LocalPDR=0.00% (Fwd=0/Rcv=3) | E2E_PDR=0.00% (0/0) | RelayPDR=0.00% (Fwd=0/Rcv=8) [DP-ATTACKER] [CP-ATTACKER]
Node 2 | LocalPDR=100.00% (Fwd=3/Rcv=3) | E2E_PDR=0.00% (0/0) | RelayPDR=0.00% (Fwd=0/Rcv=8) [CP-ATTACKER]
Node 3 | LocalPDR=100.00% (Fwd=3/Rcv=3) | E2E_PDR=0.00% (0/5) | RelayPDR=0.00% (Fwd=0/Rcv=0) [CP-ATTACKER]
Node 4 | LocalPDR=0.00% (Fwd=0/Rcv=0) | E2E_PDR=0.00% (0/0) | RelayPDR=0.00% (Fwd=0/Rcv=0)
====================
written to file successfully
Retransmission packet dropped for flow id 2packet ID: 2
=== GREY HOLE DROP SUMMARY ===
Node 0 [ATTACKER] Dropped=21 Forwarded=0
Node 1 [ATTACKER] Dropped=8 Forwarded=0
Node 2 [BENIGN]   Dropped=0 Forwarded=0
Node 3 [BENIGN]   Dropped=0 Forwarded=0
==============================
