Waf: Entering directory `/home/sdvn_ssh/ns-allinone-3.35/ns-3.35/build'
Waf: Leaving directory `/home/sdvn_ssh/ns-allinone-3.35/ns-3.35/build'
Build commands will be stored in build/compile_commands.json
'build' finished successfully (0.418s)
Solution at controller cleared
flow id 0source is 0destination is 3
Poisson flow size is 3
flow id 1source is 3destination is 0
Poisson flow size is 3
flow id 2source is 3destination is 0
Poisson flow size is 3
flow id 3source is 3destination is 0
Poisson flow size is 0
flow id 0source is 0destination is 3
Poisson flow size is 3
flow id 1source is 3destination is 0
Poisson flow size is 3
flow id 2source is 3destination is 0
Poisson flow size is 1
flow id 3source is 3destination is 0
Poisson flow size is 0
flow id 0source is 0destination is 3
Poisson flow size is 3
flow id 1source is 3destination is 0
Poisson flow size is 0
flow id 2source is 3destination is 0
Poisson flow size is 0
flow id 3source is 3destination is 0
Poisson flow size is 0
flow id 0source is 0destination is 3
Poisson flow size is 3
flow id 1source is 3destination is 0
Poisson flow size is 1
flow id 2source is 3destination is 0
Poisson flow size is 1
flow id 3source is 3destination is 0
Poisson flow size is 3
flow id 0source is 0destination is 3
Poisson flow size is 3
flow id 1source is 3destination is 0
Poisson flow size is 1
flow id 2source is 3destination is 0
Poisson flow size is 1
flow id 3source is 3destination is 0
Poisson flow size is 3
flow id 0source is 0destination is 3
Poisson flow size is 3
flow id 1source is 3destination is 0
Poisson flow size is 0
flow id 2source is 3destination is 0
Poisson flow size is 3
flow id 3source is 3destination is 0
Poisson flow size is 2
flow id 0source is 0destination is 3
Poisson flow size is 3
flow id 1source is 3destination is 0
Poisson flow size is 1
flow id 2source is 3destination is 0
Poisson flow size is 0
flow id 3source is 3destination is 0
Poisson flow size is 1
flow id 0source is 0destination is 3
Poisson flow size is 3
flow id 1source is 3destination is 0
Poisson flow size is 1
flow id 2source is 3destination is 0
Poisson flow size is 3
flow id 3source is 3destination is 0
Poisson flow size is 2
flow id 0source is 0destination is 3
Poisson flow size is 3
flow id 1source is 3destination is 0
Poisson flow size is 0
flow id 2source is 3destination is 0
Poisson flow size is 2
flow id 3source is 3destination is 0
Poisson flow size is 0
flow id 0source is 0destination is 3
Poisson flow size is 3
flow id 1source is 3destination is 0
Poisson flow size is 1
flow id 2source is 3destination is 0
Poisson flow size is 3
flow id 3source is 3destination is 0
Poisson flow size is 2
flow id 0source is 0destination is 3
Poisson flow size is 3
flow id 1source is 3destination is 0
Poisson flow size is 3
flow id 2source is 3destination is 0
Poisson flow size is 1
flow id 3source is 3destination is 0
Poisson flow size is 2
flow id 0source is 0destination is 3
Poisson flow size is 3
flow id 1source is 3destination is 0
Poisson flow size is 3
flow id 2source is 3destination is 0
Poisson flow size is 2
flow id 3source is 3destination is 0
Poisson flow size is 2
flow id 0source is 0destination is 3
Poisson flow size is 3
flow id 1source is 3destination is 0
Poisson flow size is 0
flow id 2source is 3destination is 0
Poisson flow size is 1
flow id 3source is 3destination is 0
Poisson flow size is 0
flow id 0source is 0destination is 3
Poisson flow size is 3
flow id 1source is 3destination is 0
Poisson flow size is 0
flow id 2source is 3destination is 0
Poisson flow size is 1
flow id 3source is 3destination is 0
Poisson flow size is 1
[SHIELD-GH] Initialised — 5 vehicles (lightweight mode — compile with -DUSE_LIBOQS for PQC)
current time is 0
Attack state: DP-FR (Fixed Rate) ACTIVE
Solution at nodes cleared at 1
sent all flow data from node 5
current time is 1


At controller: updated flow source 0to destination 3flow size 3packet size 750QoS 1
At controller: updated flow source 3to destination 0flow size 3packet size 750QoS 1
At controller: updated flow source 3to destination 0flow size 3packet size 750QoS 1
At controller: updated flow source 3to destination 0flow size 0packet size 750QoS 1





link lifetime optimization beginning at 1.0345
finished writing link lifetime status at1.0345
Set parameter Username
Academic license - for non-commercial use only - expires 2027-05-08
delay is 1339
reading lifetime from csv at1.0346
link lifetime conversion finished at+1.0346e+09ns
updating flows - path finding at1.0348
Routing stable: Number of stable paths from source: 0to destination 3is 1 at timestamp 1.0348
Routing stable: Number of stable paths from source: 3to destination 0is 1 at timestamp 1.03481
Routing stable: Number of stable paths from source: 3to destination 0is 1 at timestamp 1.03482
Routing stable: Number of stable paths from source: 3to destination 0is 1 at timestamp 1.03482
Number of connected flows 3at timestamp 1.0352
DEBUG matrix values:
  [0][1] = 634.96
  [1][0] = 634.96
  [1][2] = 634.96
  [2][1] = 634.96
  [2][3] = 634.96
  [3][2] = 634.96
  [3][4] = 634.96
  [4][3] = 634.96
DEBUG threshold: 0.4
DEBUG max lifetime in matrix: 634.96
DEBUG matrix size: 5
Proposed RL started at 1.0359
1
1
1
1
Proposed RL learning finished at 1.0359
Transmitting delta values at1.036





Initialized flow counters at 1.0995
Forcing exactly 3 attackers out of 5 vehicles
Node 0 forced as ATTACKER
Node 1 forced as ATTACKER
Node 2 forced as ATTACKER
Attackers declared at t=1.1
flow id 0sub flow load is 0 next hop 0packets 0
flow id 0sub flow load is 0 next hop 2packets 0
flow id 0sub flow load is 0 next hop 3packets 0
flow id 0sub flow load is 0 next hop 4packets 0
flow id 0sub flow load is 1 next hop 1packets 3
scheduled in channel 1
Flow id 0 scheduled 3total packets from 0
flow id 1sub flow load is 0 next hop 0packets 0
flow id 1sub flow load is 0 next hop 1packets 0
flow id 1sub flow load is 0 next hop 2packets 0
flow id 1sub flow load is 0 next hop 3packets 0
flow id 1sub flow load is 0 next hop 4packets 0
Flow id 1 scheduled 0total packets from 3
flow id 2sub flow load is 0 next hop 0packets 0
flow id 2sub flow load is 0 next hop 1packets 0
flow id 2sub flow load is 0 next hop 2packets 0
flow id 2sub flow load is 0 next hop 3packets 0
flow id 2sub flow load is 0 next hop 4packets 0
Flow id 2 scheduled 0total packets from 3
flow id 3sub flow load is 0 next hop 0packets 0
flow id 3sub flow load is 0 next hop 1packets 0
flow id 3sub flow load is 0 next hop 2packets 0
flow id 3sub flow load is 0 next hop 3packets 0
flow id 3sub flow load is 0 next hop 4packets 0
Flow id 3 scheduled 0total packets from 3
DP-FR FORWARD: node=0 flow=0 t=1.1
ATTACK PLACE 1: packet FORWARDED node=0 flow=0 packetID=1 t=1.1
DP-FR DROP: node=1 flow=0 t=1.10258
ATTACK PLACE 2: retransmit DROPPED node=1 flow=0 packetID=1 t=1.10258
DP-FR DROP: node=0 flow=0 t=1.12754
ATTACK PLACE 1: packet DROPPED node=0 flow=0 packetID=2 t=1.12754
DP-FR FORWARD: node=0 flow=0 t=1.12936
ATTACK PLACE 1: packet FORWARDED node=0 flow=0 packetID=2 t=1.12936
DP-FR DROP: node=0 flow=0 t=1.15367
ATTACK PLACE 1: packet DROPPED node=0 flow=0 packetID=3 t=1.15367
DP-FR FORWARD: node=0 flow=0 t=1.15533
ATTACK PLACE 1: packet FORWARDED node=0 flow=0 packetID=3 t=1.15533
[NETANIM] Vehicle index=0 ActualNodeID=2 colored RED (attacker)
[NETANIM] Vehicle index=1 ActualNodeID=3 colored RED (attacker)
[NETANIM] Vehicle index=2 ActualNodeID=4 colored RED (attacker)
[NETANIM] Vehicle index=3 ActualNodeID=5 colored GREEN (benign)
[NETANIM] Vehicle index=4 ActualNodeID=6 colored GREEN (benign)
average_latency 0 ms
[LW-DP-Det] Node 1 SUSPECTED — S1:1 S2:0 S3:0 corrPDR=0.00417
=== SHIELD-GH DETECTION METRICS (node-level) ===
  Node TP=1 TN=2 FP=0 FN=2
  M1a Detection Accuracy: 60%
  M1b MCC: 0.408248
  M2  False Positive Rate: 0%
================================================
average packet delivery ratio is 0
average jitter is 0
average load balance is 81.25
TP=0 TN=0 FP=6 FN=0
M1a Detection Accuracy: 0%
M1b MCC: 0
M2 False Positive Rate: 100%
M4a Detection Latency: 0 ms
M4b Mitigation Response Time: 0 ms
=== Per Node PDR ===
Node 0 | LocalPDR=60.00% (Fwd=3/Rcv=5) | E2E_PDR=0.00% (0/3) | RelayPDR=0.00% (Fwd=0/Rcv=0) [DP-ATTACKER]
Node 1 | LocalPDR=0.00% (Fwd=0/Rcv=3) | E2E_PDR=0.00% (0/0) | RelayPDR=0.00% (Fwd=0/Rcv=6) [DP-ATTACKER]
Node 2 | LocalPDR=0.00% (Fwd=0/Rcv=0) | E2E_PDR=0.00% (0/0) | RelayPDR=0.00% (Fwd=0/Rcv=6) [DP-ATTACKER]
Node 3 | LocalPDR=0.00% (Fwd=0/Rcv=0) | E2E_PDR=0.00% (0/3) | RelayPDR=0.00% (Fwd=0/Rcv=0)
Node 4 | LocalPDR=0.00% (Fwd=0/Rcv=0) | E2E_PDR=0.00% (0/0) | RelayPDR=0.00% (Fwd=0/Rcv=6)
====================
written to file successfully
Solution at nodes cleared at 2.00
sent all flow data from node 5
current time is 2.00


At controller: updated flow source 0to destination 3flow size 3packet size 750QoS 1
At controller: updated flow source 3to destination 0flow size 3packet size 750QoS 1
At controller: updated flow source 3to destination 0flow size 1packet size 750QoS 1
At controller: updated flow source 3to destination 0flow size 0packet size 750QoS 1
Retransmission packet dropped for flow id 0packet ID: 3
Retransmission packet dropped for flow id 0packet ID: 2





link lifetime optimization beginning at 2.03
finished writing link lifetime status at2.03
Set parameter Username
Academic license - for non-commercial use only - expires 2027-05-08
delay is 1389
reading lifetime from csv at2.03
link lifetime conversion finished at+2034600000.00ns
updating flows - path finding at2.03
Routing stable: Number of stable paths from source: 0to destination 3is 1 at timestamp 2.03
Routing stable: Number of stable paths from source: 3to destination 0is 1 at timestamp 2.03
Routing stable: Number of stable paths from source: 3to destination 0is 1 at timestamp 2.03
Routing stable: Number of stable paths from source: 3to destination 0is 1 at timestamp 2.03
Number of connected flows 3at timestamp 2.04
DEBUG matrix values:
  [0][1] = 634.96
  [1][0] = 634.96
  [1][2] = 634.96
  [2][1] = 634.96
  [2][3] = 634.96
  [3][2] = 634.96
  [3][4] = 634.96
  [4][3] = 634.96
DEBUG threshold: 0.40
DEBUG max lifetime in matrix: 634.96
DEBUG matrix size: 5
Proposed RL started at 2.04
1
1
1
1
Proposed RL learning finished at 2.04
Transmitting delta values at2.04





Initialized flow counters at 2.10
flow id 0sub flow load is 0.00 next hop 0packets 0
flow id 0sub flow load is 0.00 next hop 2packets 0
flow id 0sub flow load is 0.00 next hop 3packets 0
flow id 0sub flow load is 0.00 next hop 4packets 0
flow id 0sub flow load is 1.00 next hop 1packets 3
scheduled in channel 1
Flow id 0 scheduled 3total packets from 0
flow id 1sub flow load is 0.00 next hop 0packets 0
flow id 1sub flow load is 0.00 next hop 1packets 0
flow id 1sub flow load is 0.00 next hop 2packets 0
flow id 1sub flow load is 0.00 next hop 3packets 0
flow id 1sub flow load is 0.00 next hop 4packets 0
Flow id 1 scheduled 0total packets from 3
flow id 2sub flow load is 0.00 next hop 0packets 0
flow id 2sub flow load is 0.00 next hop 1packets 0
flow id 2sub flow load is 0.00 next hop 2packets 0
flow id 2sub flow load is 0.00 next hop 3packets 0
flow id 2sub flow load is 0.00 next hop 4packets 0
Flow id 2 scheduled 0total packets from 3
flow id 3sub flow load is 0.00 next hop 0packets 0
flow id 3sub flow load is 0.00 next hop 1packets 0
flow id 3sub flow load is 0.00 next hop 2packets 0
flow id 3sub flow load is 0.00 next hop 3packets 0
flow id 3sub flow load is 0.00 next hop 4packets 0
Flow id 3 scheduled 0total packets from 3
DP-FR FORWARD: node=0 flow=0 t=2.10
ATTACK PLACE 1: packet FORWARDED node=0 flow=0 packetID=1 t=2.10
DP-FR DROP: node=1 flow=0 t=2.10
ATTACK PLACE 2: retransmit DROPPED node=1 flow=0 packetID=1 t=2.10
DP-FR DROP: node=0 flow=0 t=2.13
ATTACK PLACE 1: packet DROPPED node=0 flow=0 packetID=2 t=2.13
DP-FR DROP: node=0 flow=0 t=2.13
ATTACK PLACE 1: packet DROPPED node=0 flow=0 packetID=2 t=2.13
DP-FR FORWARD: node=0 flow=0 t=2.13
ATTACK PLACE 1: packet FORWARDED node=0 flow=0 packetID=2 t=2.13
DP-FR DROP: node=0 flow=0 t=2.15
ATTACK PLACE 1: packet DROPPED node=0 flow=0 packetID=3 t=2.15
DP-FR DROP: node=0 flow=0 t=2.16
ATTACK PLACE 1: packet DROPPED node=0 flow=0 packetID=3 t=2.16
DP-FR DROP: node=0 flow=0 t=2.16
ATTACK PLACE 1: packet DROPPED node=0 flow=0 packetID=3 t=2.16
DP-FR DROP: node=0 flow=0 t=2.16
ATTACK PLACE 1: packet DROPPED node=0 flow=0 packetID=3 t=2.16
Intial transmission packet dropped for flow id 0packet ID: 3
average_latency 0.00 ms
[LW-DP-Det] Node 0 SUSPECTED — S1:1 S2:0 S3:0 corrPDR=0.39
[SHIELD-GH] Node 0 RATE-LIMITED | Λ=2
[LW-DP-Det] Node 1 SUSPECTED — S1:1 S2:0 S3:0 corrPDR=0.00
[SHIELD-GH] Node 1 RATE-LIMITED | Λ=2
=== SHIELD-GH DETECTION METRICS (node-level) ===
  Node TP=2 TN=2 FP=0 FN=1
  M1a Detection Accuracy: 80.00%
  M1b MCC: 0.67
  M2  False Positive Rate: 0.00%
================================================
average packet delivery ratio is 0.00
average jitter is 0.00
average load balance is 84.38
TP=0.00 TN=0.00 FP=4.00 FN=0.00
M1a Detection Accuracy: 0.00%
M1b MCC: 0.00
M2 False Positive Rate: 100.00%
M4a Detection Latency: 0.00 ms
M4b Mitigation Response Time: 0.00 ms
=== Per Node PDR ===
Node 0 | LocalPDR=25.00% (Fwd=2/Rcv=8) | E2E_PDR=0.00% (0/3) | RelayPDR=0.00% (Fwd=0/Rcv=0) [DP-ATTACKER]
Node 1 | LocalPDR=0.00% (Fwd=0/Rcv=2) | E2E_PDR=0.00% (0/0) | RelayPDR=0.00% (Fwd=0/Rcv=4) [DP-ATTACKER]
Node 2 | LocalPDR=0.00% (Fwd=0/Rcv=0) | E2E_PDR=0.00% (0/0) | RelayPDR=0.00% (Fwd=0/Rcv=4) [DP-ATTACKER]
Node 3 | LocalPDR=0.00% (Fwd=0/Rcv=0) | E2E_PDR=0.00% (0/1) | RelayPDR=0.00% (Fwd=0/Rcv=0)
Node 4 | LocalPDR=0.00% (Fwd=0/Rcv=0) | E2E_PDR=0.00% (0/0) | RelayPDR=0.00% (Fwd=0/Rcv=4)
====================
written to file successfully
Solution at nodes cleared at 3.00
sent all flow data from node 5
current time is 3.00


At controller: updated flow source 0to destination 3flow size 3packet size 750QoS 1
At controller: updated flow source 3to destination 0flow size 0packet size 750QoS 1
At controller: updated flow source 3to destination 0flow size 0packet size 750QoS 1
At controller: updated flow source 3to destination 0flow size 0packet size 750QoS 1
Retransmission packet dropped for flow id 0packet ID: 2





link lifetime optimization beginning at 3.03
finished writing link lifetime status at3.03
Set parameter Username
Academic license - for non-commercial use only - expires 2027-05-08
delay is 1347
reading lifetime from csv at3.03
link lifetime conversion finished at+3034600000.00ns
updating flows - path finding at3.03
Routing stable: Number of stable paths from source: 0to destination 3is 1 at timestamp 3.03
Routing stable: Number of stable paths from source: 3to destination 0is 1 at timestamp 3.03
Routing stable: Number of stable paths from source: 3to destination 0is 1 at timestamp 3.03
Routing stable: Number of stable paths from source: 3to destination 0is 1 at timestamp 3.03
Number of connected flows 3at timestamp 3.04
DEBUG matrix values:
  [0][1] = 634.96
  [1][0] = 634.96
  [1][2] = 634.96
  [2][1] = 634.96
  [2][3] = 634.96
  [3][2] = 634.96
  [3][4] = 634.96
  [4][3] = 634.96
DEBUG threshold: 0.40
DEBUG max lifetime in matrix: 634.96
DEBUG matrix size: 5
Proposed RL started at 3.04
1
1
1
1
Proposed RL learning finished at 3.04
Transmitting delta values at3.04





Initialized flow counters at 3.10
flow id 0sub flow load is 0.00 next hop 0packets 0
flow id 0sub flow load is 0.00 next hop 2packets 0
flow id 0sub flow load is 0.00 next hop 3packets 0
flow id 0sub flow load is 0.00 next hop 4packets 0
flow id 0sub flow load is 1.00 next hop 1packets 3
scheduled in channel 1
Flow id 0 scheduled 3total packets from 0
flow id 1sub flow load is 0.00 next hop 0packets 0
flow id 1sub flow load is 0.00 next hop 1packets 0
flow id 1sub flow load is 0.00 next hop 2packets 0
flow id 1sub flow load is 0.00 next hop 3packets 0
flow id 1sub flow load is 0.00 next hop 4packets 0
Flow id 1 scheduled 0total packets from 3
flow id 2sub flow load is 0.00 next hop 0packets 0
flow id 2sub flow load is 0.00 next hop 1packets 0
flow id 2sub flow load is 0.00 next hop 2packets 0
flow id 2sub flow load is 0.00 next hop 3packets 0
flow id 2sub flow load is 0.00 next hop 4packets 0
Flow id 2 scheduled 0total packets from 3
flow id 3sub flow load is 0.00 next hop 0packets 0
flow id 3sub flow load is 0.00 next hop 1packets 0
flow id 3sub flow load is 0.00 next hop 2packets 0
flow id 3sub flow load is 0.00 next hop 3packets 0
flow id 3sub flow load is 0.00 next hop 4packets 0
Flow id 3 scheduled 0total packets from 3
DP-FR DROP: node=0 flow=0 t=3.10
ATTACK PLACE 1: packet DROPPED node=0 flow=0 packetID=1 t=3.10
DP-FR FORWARD: node=0 flow=0 t=3.10
ATTACK PLACE 1: packet FORWARDED node=0 flow=0 packetID=1 t=3.10
DP-FR DROP: node=1 flow=0 t=3.10
ATTACK PLACE 2: retransmit DROPPED node=1 flow=0 packetID=1 t=3.10
DP-FR DROP: node=0 flow=0 t=3.13
ATTACK PLACE 1: packet DROPPED node=0 flow=0 packetID=2 t=3.13
DP-FR DROP: node=0 flow=0 t=3.13
ATTACK PLACE 1: packet DROPPED node=0 flow=0 packetID=2 t=3.13
DP-FR DROP: node=0 flow=0 t=3.13
ATTACK PLACE 1: packet DROPPED node=0 flow=0 packetID=2 t=3.13
DP-FR FORWARD: node=0 flow=0 t=3.13
ATTACK PLACE 1: packet FORWARDED node=0 flow=0 packetID=2 t=3.13
DP-FR DROP: node=0 flow=0 t=3.15
ATTACK PLACE 1: packet DROPPED node=0 flow=0 packetID=3 t=3.15
DP-FR FORWARD: node=0 flow=0 t=3.16
ATTACK PLACE 1: packet FORWARDED node=0 flow=0 packetID=3 t=3.16
average_latency 0.00 ms
[LW-DP-Det] Node 0 SUSPECTED — S1:1 S2:0 S3:0 corrPDR=0.39
[SHIELD-GH] Node 0 RATE-LIMITED | Λ=3
[LW-DP-Det] Node 1 SUSPECTED — S1:1 S2:0 S3:0 corrPDR=0.00
[SHIELD-GH] Node 1 ISOLATED & BLOCKED | t=4.00 score=0.91 ZKP=FAIL real_attacker=1
liboqs-python faulthandler is disabled
[12:24:27] t=  3.998s node=1   BACKEND        liboqs Kyber-768/ML-DSA-44 qr=True
[12:24:27] t=  3.998s node=1   THRESHOLD      3-of-5 signers=[0, 1, 4] valid=3 quorum=True
[12:24:27] t=  3.998s node=1   FLOWMOD        Dilithium sign+verify -> switch install=True
[12:24:27] t=  3.998s node=1   PQC-LKH        re-key path=[3, 1, 0] kyber_ops=3=ceil(log2 5) rotated=True excluded_node=True
[12:24:27] t=  3.998s node=1   ACTIVE         remaining vehicles=[0, 2, 3, 4]
[12:24:27] t=  3.998s node=1   DONE           isolation crypto complete in 1.5 ms  [threshold+Dilithium+PQC-LKH all OK]
=== SHIELD-GH DETECTION METRICS (node-level) ===
  Node TP=2 TN=2 FP=0 FN=1
  M1a Detection Accuracy: 80.00%
  M1b MCC: 0.67
  M2  False Positive Rate: 0.00%
================================================
average packet delivery ratio is 0.00
average jitter is 0.00
average load balance is 64.58
TP=0.00 TN=0.00 FP=3.00 FN=0.00
M1a Detection Accuracy: 0.00%
M1b MCC: 0.00
M2 False Positive Rate: 100.00%
M4a Detection Latency: 2898.01 ms
M4b Mitigation Response Time: 2948.00 ms
=== Per Node PDR ===
Node 0 | LocalPDR=37.50% (Fwd=3/Rcv=8) | E2E_PDR=0.00% (0/3) | RelayPDR=0.00% (Fwd=0/Rcv=0) [DP-ATTACKER]
Node 1 | LocalPDR=0.00% (Fwd=0/Rcv=3) | E2E_PDR=0.00% (0/0) | RelayPDR=0.00% (Fwd=0/Rcv=3) [DP-ATTACKER]
Node 2 | LocalPDR=0.00% (Fwd=0/Rcv=0) | E2E_PDR=0.00% (0/0) | RelayPDR=0.00% (Fwd=0/Rcv=3) [DP-ATTACKER]
Node 3 | LocalPDR=0.00% (Fwd=0/Rcv=0) | E2E_PDR=0.00% (0/0) | RelayPDR=0.00% (Fwd=0/Rcv=0)
Node 4 | LocalPDR=0.00% (Fwd=0/Rcv=0) | E2E_PDR=0.00% (0/0) | RelayPDR=0.00% (Fwd=0/Rcv=3)
====================
written to file successfully
Solution at nodes cleared at 4.00
sent all flow data from node 5
current time is 4.00


At controller: updated flow source 0to destination 3flow size 3packet size 750QoS 1
At controller: updated flow source 3to destination 0flow size 1packet size 750QoS 1
At controller: updated flow source 3to destination 0flow size 1packet size 750QoS 1
At controller: updated flow source 3to destination 0flow size 3packet size 750QoS 1
Retransmission packet dropped for flow id 0packet ID: 3
Retransmission packet dropped for flow id 0packet ID: 2





link lifetime optimization beginning at 4.03
finished writing link lifetime status at4.03
Set parameter Username
Academic license - for non-commercial use only - expires 2027-05-08
delay is 1284
reading lifetime from csv at4.03
link lifetime conversion finished at+4034600000.00ns
updating flows - path finding at4.03
Routing stable: Number of stable paths from source: 0to destination 3is 1 at timestamp 4.03
Routing stable: Number of stable paths from source: 3to destination 0is 1 at timestamp 4.03
Routing stable: Number of stable paths from source: 3to destination 0is 1 at timestamp 4.03
Routing stable: Number of stable paths from source: 3to destination 0is 1 at timestamp 4.03
Number of connected flows 3at timestamp 4.04
DEBUG matrix values:
  [0][1] = 634.96
  [1][0] = 634.96
  [1][2] = 634.96
  [2][1] = 634.96
  [2][3] = 634.96
  [3][2] = 634.96
  [3][4] = 634.96
  [4][3] = 634.96
DEBUG threshold: 0.40
DEBUG max lifetime in matrix: 634.96
DEBUG matrix size: 5
Proposed RL started at 4.04
1
1
1
1
Proposed RL learning finished at 4.04
Transmitting delta values at4.04





Initialized flow counters at 4.10
flow id 0sub flow load is 0.00 next hop 0packets 0
flow id 0sub flow load is 0.00 next hop 2packets 0
flow id 0sub flow load is 0.00 next hop 3packets 0
flow id 0sub flow load is 0.00 next hop 4packets 0
flow id 0sub flow load is 1.00 next hop 1packets 3
scheduled in channel 1
Flow id 0 scheduled 3total packets from 0
flow id 1sub flow load is 0.00 next hop 0packets 0
flow id 1sub flow load is 0.00 next hop 1packets 0
flow id 1sub flow load is 0.00 next hop 2packets 0
flow id 1sub flow load is 0.00 next hop 3packets 0
flow id 1sub flow load is 0.00 next hop 4packets 0
Flow id 1 scheduled 0total packets from 3
flow id 2sub flow load is 0.00 next hop 0packets 0
flow id 2sub flow load is 0.00 next hop 1packets 0
flow id 2sub flow load is 0.00 next hop 2packets 0
flow id 2sub flow load is 0.00 next hop 3packets 0
flow id 2sub flow load is 0.00 next hop 4packets 0
Flow id 2 scheduled 0total packets from 3
flow id 3sub flow load is 0.00 next hop 0packets 0
flow id 3sub flow load is 0.00 next hop 1packets 0
flow id 3sub flow load is 0.00 next hop 2packets 0
flow id 3sub flow load is 0.00 next hop 3packets 0
flow id 3sub flow load is 0.00 next hop 4packets 0
Flow id 3 scheduled 0total packets from 3
DP-FR FORWARD: node=0 flow=0 t=4.10
ATTACK PLACE 1: packet FORWARDED node=0 flow=0 packetID=1 t=4.10
[SHIELD-GH-ISOLATE] Node 1 blocked, dropping flow 0 t=4.10
ATTACK PLACE 2: retransmit DROPPED node=1 flow=0 packetID=1 t=4.10
DP-FR FORWARD: node=0 flow=0 t=4.13
ATTACK PLACE 1: packet FORWARDED node=0 flow=0 packetID=2 t=4.13
DP-FR FORWARD: node=0 flow=0 t=4.15
ATTACK PLACE 1: packet FORWARDED node=0 flow=0 packetID=3 t=4.15
average_latency 0.00 ms
[LW-DP-Det] Node 0 SUSPECTED — S1:1 S2:0 S3:0 corrPDR=0.46
[SHIELD-GH] Node 0 ISOLATED & BLOCKED | t=5.00 score=0.79 ZKP=OK real_attacker=1
liboqs-python faulthandler is disabled
[12:24:29] t=  4.998s node=0   BACKEND        liboqs Kyber-768/ML-DSA-44 qr=True
[12:24:29] t=  4.998s node=0   THRESHOLD      3-of-5 signers=[0, 1, 4] valid=3 quorum=True
[12:24:29] t=  4.998s node=0   FLOWMOD        Dilithium sign+verify -> switch install=True
[12:24:29] t=  4.998s node=0   PQC-LKH        re-key path=[3, 1, 0] kyber_ops=3=ceil(log2 5) rotated=True excluded_node=True
[12:24:29] t=  4.998s node=0   ACTIVE         remaining vehicles=[2, 3, 4]
[12:24:29] t=  4.998s node=0   DONE           isolation crypto complete in 1.2 ms  [threshold+Dilithium+PQC-LKH all OK]
[LW-DP-Det] Node 1 SUSPECTED — S1:1 S2:0 S3:0 corrPDR=0.00
[SHIELD-GH] Node 1 RATE-LIMITED | Λ=4
=== SHIELD-GH DETECTION METRICS (node-level) ===
  Node TP=2 TN=2 FP=0 FN=1
  M1a Detection Accuracy: 80.00%
  M1b MCC: 0.67
  M2  False Positive Rate: 0.00%
================================================
average packet delivery ratio is 0.00
average jitter is 0.00
average load balance is 71.88
TP=0.00 TN=0.00 FP=7.00 FN=0.00
M1a Detection Accuracy: 0.00%
M1b MCC: 0.00
M2 False Positive Rate: 100.00%
M4a Detection Latency: 2898.01 ms
M4b Mitigation Response Time: 2948.00 ms
=== Per Node PDR ===
Node 0 | LocalPDR=100.00% (Fwd=3/Rcv=3) | E2E_PDR=0.00% (0/3) | RelayPDR=0.00% (Fwd=0/Rcv=0) [DP-ATTACKER]
Node 1 | LocalPDR=0.00% (Fwd=0/Rcv=3) | E2E_PDR=0.00% (0/0) | RelayPDR=0.00% (Fwd=0/Rcv=7) [DP-ATTACKER]
Node 2 | LocalPDR=0.00% (Fwd=0/Rcv=0) | E2E_PDR=0.00% (0/0) | RelayPDR=0.00% (Fwd=0/Rcv=7) [DP-ATTACKER]
Node 3 | LocalPDR=0.00% (Fwd=0/Rcv=0) | E2E_PDR=0.00% (0/4) | RelayPDR=0.00% (Fwd=0/Rcv=0)
Node 4 | LocalPDR=0.00% (Fwd=0/Rcv=0) | E2E_PDR=0.00% (0/0) | RelayPDR=0.00% (Fwd=0/Rcv=7)
====================
written to file successfully
Solution at nodes cleared at 5.00
sent all flow data from node 5
current time is 5.00


At controller: updated flow source 0to destination 3flow size 3packet size 750QoS 1
At controller: updated flow source 3to destination 0flow size 1packet size 750QoS 1
At controller: updated flow source 3to destination 0flow size 1packet size 750QoS 1
At controller: updated flow source 3to destination 0flow size 3packet size 750QoS 1
Retransmission packet dropped for flow id 0packet ID: 3
Retransmission packet dropped for flow id 0packet ID: 2





link lifetime optimization beginning at 5.03
finished writing link lifetime status at5.03
Set parameter Username
Academic license - for non-commercial use only - expires 2027-05-08
delay is 1442
reading lifetime from csv at5.03
link lifetime conversion finished at+5034600000.00ns
updating flows - path finding at5.03
Routing stable: Number of stable paths from source: 0to destination 3is 1 at timestamp 5.03
Routing stable: Number of stable paths from source: 3to destination 0is 1 at timestamp 5.03
Routing stable: Number of stable paths from source: 3to destination 0is 1 at timestamp 5.03
Routing stable: Number of stable paths from source: 3to destination 0is 1 at timestamp 5.03
Number of connected flows 3at timestamp 5.04
DEBUG matrix values:
  [0][1] = 634.96
  [1][0] = 634.96
  [1][2] = 634.96
  [2][1] = 634.96
  [2][3] = 634.96
  [3][2] = 634.96
  [3][4] = 634.96
  [4][3] = 634.96
DEBUG threshold: 0.40
DEBUG max lifetime in matrix: 634.96
DEBUG matrix size: 5
Proposed RL started at 5.04
1
1
1
1
Proposed RL learning finished at 5.04
Transmitting delta values at5.04





Initialized flow counters at 5.10
flow id 0sub flow load is 0.00 next hop 0packets 0
flow id 0sub flow load is 0.00 next hop 2packets 0
flow id 0sub flow load is 0.00 next hop 3packets 0
flow id 0sub flow load is 0.00 next hop 4packets 0
flow id 0sub flow load is 1.00 next hop 1packets 3
scheduled in channel 1
Flow id 0 scheduled 3total packets from 0
flow id 1sub flow load is 0.00 next hop 0packets 0
flow id 1sub flow load is 0.00 next hop 1packets 0
flow id 1sub flow load is 0.00 next hop 2packets 0
flow id 1sub flow load is 0.00 next hop 3packets 0
flow id 1sub flow load is 0.00 next hop 4packets 0
Flow id 1 scheduled 0total packets from 3
flow id 2sub flow load is 0.00 next hop 0packets 0
flow id 2sub flow load is 0.00 next hop 1packets 0
flow id 2sub flow load is 0.00 next hop 2packets 0
flow id 2sub flow load is 0.00 next hop 3packets 0
flow id 2sub flow load is 0.00 next hop 4packets 0
Flow id 2 scheduled 0total packets from 3
flow id 3sub flow load is 0.00 next hop 0packets 0
flow id 3sub flow load is 0.00 next hop 1packets 0
flow id 3sub flow load is 0.00 next hop 2packets 0
flow id 3sub flow load is 0.00 next hop 3packets 0
flow id 3sub flow load is 0.00 next hop 4packets 0
Flow id 3 scheduled 0total packets from 3
[SHIELD-GH-ISOLATE] Node 0 blocked, dropping flow 0 t=5.10
ATTACK PLACE 1: packet DROPPED node=0 flow=0 packetID=1 t=5.10
[SHIELD-GH-ISOLATE] Node 0 blocked, dropping flow 0 t=5.10
ATTACK PLACE 1: packet DROPPED node=0 flow=0 packetID=1 t=5.10
[SHIELD-GH-ISOLATE] Node 0 blocked, dropping flow 0 t=5.10
ATTACK PLACE 1: packet DROPPED node=0 flow=0 packetID=1 t=5.10
[SHIELD-GH-ISOLATE] Node 0 blocked, dropping flow 0 t=5.11
ATTACK PLACE 1: packet DROPPED node=0 flow=0 packetID=1 t=5.11
Intial transmission packet dropped for flow id 0packet ID: 1
[SHIELD-GH-ISOLATE] Node 0 blocked, dropping flow 0 t=5.13
ATTACK PLACE 1: packet DROPPED node=0 flow=0 packetID=2 t=5.13
[SHIELD-GH-ISOLATE] Node 0 blocked, dropping flow 0 t=5.13
ATTACK PLACE 1: packet DROPPED node=0 flow=0 packetID=2 t=5.13
[SHIELD-GH-ISOLATE] Node 0 blocked, dropping flow 0 t=5.13
ATTACK PLACE 1: packet DROPPED node=0 flow=0 packetID=2 t=5.13
[SHIELD-GH-ISOLATE] Node 0 blocked, dropping flow 0 t=5.13
ATTACK PLACE 1: packet DROPPED node=0 flow=0 packetID=2 t=5.13
Intial transmission packet dropped for flow id 0packet ID: 2
[SHIELD-GH-ISOLATE] Node 0 blocked, dropping flow 0 t=5.15
ATTACK PLACE 1: packet DROPPED node=0 flow=0 packetID=3 t=5.15
[SHIELD-GH-ISOLATE] Node 0 blocked, dropping flow 0 t=5.16
ATTACK PLACE 1: packet DROPPED node=0 flow=0 packetID=3 t=5.16
[SHIELD-GH-ISOLATE] Node 0 blocked, dropping flow 0 t=5.16
ATTACK PLACE 1: packet DROPPED node=0 flow=0 packetID=3 t=5.16
[SHIELD-GH-ISOLATE] Node 0 blocked, dropping flow 0 t=5.16
ATTACK PLACE 1: packet DROPPED node=0 flow=0 packetID=3 t=5.16
Intial transmission packet dropped for flow id 0packet ID: 3
average_latency 0.00 ms
[LW-DP-Det] Node 0 SUSPECTED — S1:1 S2:1 S3:0 corrPDR=0.31
=== SHIELD-GH DETECTION METRICS (node-level) ===
  Node TP=2 TN=2 FP=0 FN=1
  M1a Detection Accuracy: 80.00%
  M1b MCC: 0.67
  M2  False Positive Rate: 0.00%
================================================
average packet delivery ratio is 0.00
average jitter is 0.00
average load balance is 77.50
TP=0.00 TN=0.00 FP=7.00 FN=0.00
M1a Detection Accuracy: 0.00%
M1b MCC: 0.00
M2 False Positive Rate: 100.00%
M4a Detection Latency: 2898.01 ms
M4b Mitigation Response Time: 2948.00 ms
=== Per Node PDR ===
Node 0 | LocalPDR=0.00% (Fwd=0/Rcv=12) | E2E_PDR=0.00% (0/3) | RelayPDR=0.00% (Fwd=0/Rcv=0) [DP-ATTACKER]
Node 1 | LocalPDR=0.00% (Fwd=0/Rcv=0) | E2E_PDR=0.00% (0/0) | RelayPDR=0.00% (Fwd=0/Rcv=7) [DP-ATTACKER]
Node 2 | LocalPDR=0.00% (Fwd=0/Rcv=0) | E2E_PDR=0.00% (0/0) | RelayPDR=0.00% (Fwd=0/Rcv=7) [DP-ATTACKER]
Node 3 | LocalPDR=0.00% (Fwd=0/Rcv=0) | E2E_PDR=0.00% (0/4) | RelayPDR=0.00% (Fwd=0/Rcv=0)
Node 4 | LocalPDR=0.00% (Fwd=0/Rcv=0) | E2E_PDR=0.00% (0/0) | RelayPDR=0.00% (Fwd=0/Rcv=7)
====================
written to file successfully
Solution at nodes cleared at 6.00
sent all flow data from node 5
current time is 6.00


At controller: updated flow source 0to destination 3flow size 3packet size 750QoS 1
At controller: updated flow source 3to destination 0flow size 0packet size 750QoS 1
At controller: updated flow source 3to destination 0flow size 3packet size 750QoS 1
At controller: updated flow source 3to destination 0flow size 2packet size 750QoS 1





link lifetime optimization beginning at 6.03
finished writing link lifetime status at6.03
Set parameter Username
Academic license - for non-commercial use only - expires 2027-05-08
delay is 1340
reading lifetime from csv at6.03
link lifetime conversion finished at+6034600000.00ns
updating flows - path finding at6.03
Routing stable: Number of stable paths from source: 0to destination 3is 1 at timestamp 6.03
Routing stable: Number of stable paths from source: 3to destination 0is 1 at timestamp 6.03
Routing stable: Number of stable paths from source: 3to destination 0is 1 at timestamp 6.03
Routing stable: Number of stable paths from source: 3to destination 0is 1 at timestamp 6.03
Number of connected flows 3at timestamp 6.04
DEBUG matrix values:
  [0][1] = 634.96
  [1][0] = 634.96
  [1][2] = 634.96
  [2][1] = 634.96
  [2][3] = 634.96
  [3][2] = 634.96
  [3][4] = 634.96
  [4][3] = 634.96
DEBUG threshold: 0.40
DEBUG max lifetime in matrix: 634.96
DEBUG matrix size: 5
Proposed RL started at 6.04
1
1
1
1
Proposed RL learning finished at 6.04
Transmitting delta values at6.04





Initialized flow counters at 6.10
flow id 0sub flow load is 0.00 next hop 0packets 0
flow id 0sub flow load is 0.00 next hop 2packets 0
flow id 0sub flow load is 0.00 next hop 3packets 0
flow id 0sub flow load is 0.00 next hop 4packets 0
flow id 0sub flow load is 1.00 next hop 1packets 3
scheduled in channel 1
Flow id 0 scheduled 3total packets from 0
flow id 1sub flow load is 0.00 next hop 0packets 0
flow id 1sub flow load is 0.00 next hop 1packets 0
flow id 1sub flow load is 0.00 next hop 2packets 0
flow id 1sub flow load is 0.00 next hop 3packets 0
flow id 1sub flow load is 0.00 next hop 4packets 0
Flow id 1 scheduled 0total packets from 3
flow id 2sub flow load is 0.00 next hop 0packets 0
flow id 2sub flow load is 0.00 next hop 1packets 0
flow id 2sub flow load is 0.00 next hop 2packets 0
flow id 2sub flow load is 0.00 next hop 3packets 0
flow id 2sub flow load is 0.00 next hop 4packets 0
Flow id 2 scheduled 0total packets from 3
flow id 3sub flow load is 0.00 next hop 0packets 0
flow id 3sub flow load is 0.00 next hop 1packets 0
flow id 3sub flow load is 0.00 next hop 2packets 0
flow id 3sub flow load is 0.00 next hop 3packets 0
flow id 3sub flow load is 0.00 next hop 4packets 0
Flow id 3 scheduled 0total packets from 3
[SHIELD-GH-ISOLATE] Node 0 blocked, dropping flow 0 t=6.10
ATTACK PLACE 1: packet DROPPED node=0 flow=0 packetID=1 t=6.10
[SHIELD-GH-ISOLATE] Node 0 blocked, dropping flow 0 t=6.10
ATTACK PLACE 1: packet DROPPED node=0 flow=0 packetID=1 t=6.10
[SHIELD-GH-ISOLATE] Node 0 blocked, dropping flow 0 t=6.10
ATTACK PLACE 1: packet DROPPED node=0 flow=0 packetID=1 t=6.10
[SHIELD-GH-ISOLATE] Node 0 blocked, dropping flow 0 t=6.11
ATTACK PLACE 1: packet DROPPED node=0 flow=0 packetID=1 t=6.11
Intial transmission packet dropped for flow id 0packet ID: 1
[SHIELD-GH-ISOLATE] Node 0 blocked, dropping flow 0 t=6.13
ATTACK PLACE 1: packet DROPPED node=0 flow=0 packetID=2 t=6.13
[SHIELD-GH-ISOLATE] Node 0 blocked, dropping flow 0 t=6.13
ATTACK PLACE 1: packet DROPPED node=0 flow=0 packetID=2 t=6.13
[SHIELD-GH-ISOLATE] Node 0 blocked, dropping flow 0 t=6.13
ATTACK PLACE 1: packet DROPPED node=0 flow=0 packetID=2 t=6.13
[SHIELD-GH-ISOLATE] Node 0 blocked, dropping flow 0 t=6.13
ATTACK PLACE 1: packet DROPPED node=0 flow=0 packetID=2 t=6.13
Intial transmission packet dropped for flow id 0packet ID: 2
[SHIELD-GH-ISOLATE] Node 0 blocked, dropping flow 0 t=6.15
ATTACK PLACE 1: packet DROPPED node=0 flow=0 packetID=3 t=6.15
[SHIELD-GH-ISOLATE] Node 0 blocked, dropping flow 0 t=6.16
ATTACK PLACE 1: packet DROPPED node=0 flow=0 packetID=3 t=6.16
[SHIELD-GH-ISOLATE] Node 0 blocked, dropping flow 0 t=6.16
ATTACK PLACE 1: packet DROPPED node=0 flow=0 packetID=3 t=6.16
[SHIELD-GH-ISOLATE] Node 0 blocked, dropping flow 0 t=6.16
ATTACK PLACE 1: packet DROPPED node=0 flow=0 packetID=3 t=6.16
Intial transmission packet dropped for flow id 0packet ID: 3
average_latency 0.00 ms
[LW-DP-Det] Node 0 SUSPECTED — S1:1 S2:1 S3:0 corrPDR=0.23
=== SHIELD-GH DETECTION METRICS (node-level) ===
  Node TP=2 TN=2 FP=0 FN=1
  M1a Detection Accuracy: 80.00%
  M1b MCC: 0.67
  M2  False Positive Rate: 0.00%
================================================
average packet delivery ratio is 0.00
average jitter is 0.00
average load balance is 81.25
TP=0.00 TN=0.00 FP=8.00 FN=0.00
M1a Detection Accuracy: 0.00%
M1b MCC: 0.00
M2 False Positive Rate: 100.00%
M4a Detection Latency: 2898.01 ms
M4b Mitigation Response Time: 2948.00 ms
=== Per Node PDR ===
Node 0 | LocalPDR=0.00% (Fwd=0/Rcv=12) | E2E_PDR=0.00% (0/3) | RelayPDR=0.00% (Fwd=0/Rcv=0) [DP-ATTACKER]
Node 1 | LocalPDR=0.00% (Fwd=0/Rcv=0) | E2E_PDR=0.00% (0/0) | RelayPDR=0.00% (Fwd=0/Rcv=8) [DP-ATTACKER]
Node 2 | LocalPDR=0.00% (Fwd=0/Rcv=0) | E2E_PDR=0.00% (0/0) | RelayPDR=0.00% (Fwd=0/Rcv=8) [DP-ATTACKER]
Node 3 | LocalPDR=0.00% (Fwd=0/Rcv=0) | E2E_PDR=0.00% (0/5) | RelayPDR=0.00% (Fwd=0/Rcv=0)
Node 4 | LocalPDR=0.00% (Fwd=0/Rcv=0) | E2E_PDR=0.00% (0/0) | RelayPDR=0.00% (Fwd=0/Rcv=8)
====================
written to file successfully
Solution at nodes cleared at 7.00
sent all flow data from node 5
current time is 7.00


At controller: updated flow source 0to destination 3flow size 3packet size 750QoS 1
At controller: updated flow source 3to destination 0flow size 1packet size 750QoS 1
At controller: updated flow source 3to destination 0flow size 0packet size 750QoS 1
At controller: updated flow source 3to destination 0flow size 1packet size 750QoS 1





link lifetime optimization beginning at 7.03
finished writing link lifetime status at7.03
Set parameter Username
Academic license - for non-commercial use only - expires 2027-05-08
delay is 1365
reading lifetime from csv at7.03
link lifetime conversion finished at+7034600000.00ns
updating flows - path finding at7.03
Routing stable: Number of stable paths from source: 0to destination 3is 1 at timestamp 7.03
Routing stable: Number of stable paths from source: 3to destination 0is 1 at timestamp 7.03
Routing stable: Number of stable paths from source: 3to destination 0is 1 at timestamp 7.03
Routing stable: Number of stable paths from source: 3to destination 0is 1 at timestamp 7.03
Number of connected flows 3at timestamp 7.04
DEBUG matrix values:
  [0][1] = 634.96
  [1][0] = 634.96
  [1][2] = 634.96
  [2][1] = 634.96
  [2][3] = 634.96
  [3][2] = 634.96
  [3][4] = 634.96
  [4][3] = 634.96
DEBUG threshold: 0.40
DEBUG max lifetime in matrix: 634.96
DEBUG matrix size: 5
Proposed RL started at 7.04
1
1
1
1
Proposed RL learning finished at 7.04
Transmitting delta values at7.04





Initialized flow counters at 7.10
flow id 0sub flow load is 0.00 next hop 0packets 0
flow id 0sub flow load is 0.00 next hop 2packets 0
flow id 0sub flow load is 0.00 next hop 3packets 0
flow id 0sub flow load is 0.00 next hop 4packets 0
flow id 0sub flow load is 1.00 next hop 1packets 3
scheduled in channel 1
Flow id 0 scheduled 3total packets from 0
flow id 1sub flow load is 0.00 next hop 0packets 0
flow id 1sub flow load is 0.00 next hop 1packets 0
flow id 1sub flow load is 0.00 next hop 2packets 0
flow id 1sub flow load is 0.00 next hop 3packets 0
flow id 1sub flow load is 0.00 next hop 4packets 0
Flow id 1 scheduled 0total packets from 3
flow id 2sub flow load is 0.00 next hop 0packets 0
flow id 2sub flow load is 0.00 next hop 1packets 0
flow id 2sub flow load is 0.00 next hop 2packets 0
flow id 2sub flow load is 0.00 next hop 3packets 0
flow id 2sub flow load is 0.00 next hop 4packets 0
Flow id 2 scheduled 0total packets from 3
flow id 3sub flow load is 0.00 next hop 0packets 0
flow id 3sub flow load is 0.00 next hop 1packets 0
flow id 3sub flow load is 0.00 next hop 2packets 0
flow id 3sub flow load is 0.00 next hop 3packets 0
flow id 3sub flow load is 0.00 next hop 4packets 0
Flow id 3 scheduled 0total packets from 3
[SHIELD-GH-ISOLATE] Node 0 blocked, dropping flow 0 t=7.10
ATTACK PLACE 1: packet DROPPED node=0 flow=0 packetID=1 t=7.10
[SHIELD-GH-ISOLATE] Node 0 blocked, dropping flow 0 t=7.10
ATTACK PLACE 1: packet DROPPED node=0 flow=0 packetID=1 t=7.10
[SHIELD-GH-ISOLATE] Node 0 blocked, dropping flow 0 t=7.10
ATTACK PLACE 1: packet DROPPED node=0 flow=0 packetID=1 t=7.10
[SHIELD-GH-ISOLATE] Node 0 blocked, dropping flow 0 t=7.11
ATTACK PLACE 1: packet DROPPED node=0 flow=0 packetID=1 t=7.11
Intial transmission packet dropped for flow id 0packet ID: 1
[SHIELD-GH-ISOLATE] Node 0 blocked, dropping flow 0 t=7.13
ATTACK PLACE 1: packet DROPPED node=0 flow=0 packetID=2 t=7.13
[SHIELD-GH-ISOLATE] Node 0 blocked, dropping flow 0 t=7.13
ATTACK PLACE 1: packet DROPPED node=0 flow=0 packetID=2 t=7.13
[SHIELD-GH-ISOLATE] Node 0 blocked, dropping flow 0 t=7.13
ATTACK PLACE 1: packet DROPPED node=0 flow=0 packetID=2 t=7.13
[SHIELD-GH-ISOLATE] Node 0 blocked, dropping flow 0 t=7.13
ATTACK PLACE 1: packet DROPPED node=0 flow=0 packetID=2 t=7.13
Intial transmission packet dropped for flow id 0packet ID: 2
[SHIELD-GH-ISOLATE] Node 0 blocked, dropping flow 0 t=7.15
ATTACK PLACE 1: packet DROPPED node=0 flow=0 packetID=3 t=7.15
[SHIELD-GH-ISOLATE] Node 0 blocked, dropping flow 0 t=7.16
ATTACK PLACE 1: packet DROPPED node=0 flow=0 packetID=3 t=7.16
[SHIELD-GH-ISOLATE] Node 0 blocked, dropping flow 0 t=7.16
ATTACK PLACE 1: packet DROPPED node=0 flow=0 packetID=3 t=7.16
[SHIELD-GH-ISOLATE] Node 0 blocked, dropping flow 0 t=7.16
ATTACK PLACE 1: packet DROPPED node=0 flow=0 packetID=3 t=7.16
Intial transmission packet dropped for flow id 0packet ID: 3
average_latency 0.00 ms
[LW-DP-Det] Node 0 SUSPECTED — S1:1 S2:1 S3:0 corrPDR=0.19
=== SHIELD-GH DETECTION METRICS (node-level) ===
  Node TP=2 TN=2 FP=0 FN=1
  M1a Detection Accuracy: 80.00%
  M1b MCC: 0.67
  M2  False Positive Rate: 0.00%
================================================
average packet delivery ratio is 0.00
average jitter is 0.00
average load balance is 83.93
TP=0.00 TN=0.00 FP=4.00 FN=0.00
M1a Detection Accuracy: 0.00%
M1b MCC: 0.00
M2 False Positive Rate: 100.00%
M4a Detection Latency: 2898.01 ms
M4b Mitigation Response Time: 2948.00 ms
=== Per Node PDR ===
Node 0 | LocalPDR=0.00% (Fwd=0/Rcv=12) | E2E_PDR=0.00% (0/3) | RelayPDR=0.00% (Fwd=0/Rcv=0) [DP-ATTACKER]
Node 1 | LocalPDR=0.00% (Fwd=0/Rcv=0) | E2E_PDR=0.00% (0/0) | RelayPDR=0.00% (Fwd=0/Rcv=4) [DP-ATTACKER]
Node 2 | LocalPDR=0.00% (Fwd=0/Rcv=0) | E2E_PDR=0.00% (0/0) | RelayPDR=0.00% (Fwd=0/Rcv=4) [DP-ATTACKER]
Node 3 | LocalPDR=0.00% (Fwd=0/Rcv=0) | E2E_PDR=0.00% (0/1) | RelayPDR=0.00% (Fwd=0/Rcv=0)
Node 4 | LocalPDR=0.00% (Fwd=0/Rcv=0) | E2E_PDR=0.00% (0/0) | RelayPDR=0.00% (Fwd=0/Rcv=4)
====================
written to file successfully
Solution at nodes cleared at 8.00
sent all flow data from node 5
current time is 8.00


At controller: updated flow source 0to destination 3flow size 3packet size 750QoS 1
At controller: updated flow source 3to destination 0flow size 1packet size 750QoS 1
At controller: updated flow source 3to destination 0flow size 3packet size 750QoS 1
At controller: updated flow source 3to destination 0flow size 2packet size 750QoS 1





link lifetime optimization beginning at 8.03
finished writing link lifetime status at8.03
Set parameter Username
Academic license - for non-commercial use only - expires 2027-05-08
delay is 1440
reading lifetime from csv at8.03
link lifetime conversion finished at+8034600000.00ns
updating flows - path finding at8.03
Routing stable: Number of stable paths from source: 0to destination 3is 1 at timestamp 8.03
Routing stable: Number of stable paths from source: 3to destination 0is 1 at timestamp 8.03
Routing stable: Number of stable paths from source: 3to destination 0is 1 at timestamp 8.03
Routing stable: Number of stable paths from source: 3to destination 0is 1 at timestamp 8.03
Number of connected flows 3at timestamp 8.04
DEBUG matrix values:
  [0][1] = 634.96
  [1][0] = 634.96
  [1][2] = 634.96
  [2][1] = 634.96
  [2][3] = 634.96
  [3][2] = 634.96
  [3][4] = 634.96
  [4][3] = 634.96
DEBUG threshold: 0.40
DEBUG max lifetime in matrix: 634.96
DEBUG matrix size: 5
Proposed RL started at 8.04
1
1
1
1
Proposed RL learning finished at 8.04
Transmitting delta values at8.04





Initialized flow counters at 8.10
flow id 0sub flow load is 0.00 next hop 0packets 0
flow id 0sub flow load is 0.00 next hop 2packets 0
flow id 0sub flow load is 0.00 next hop 3packets 0
flow id 0sub flow load is 0.00 next hop 4packets 0
flow id 0sub flow load is 1.00 next hop 1packets 3
scheduled in channel 1
Flow id 0 scheduled 3total packets from 0
flow id 1sub flow load is 0.00 next hop 0packets 0
flow id 1sub flow load is 0.00 next hop 1packets 0
flow id 1sub flow load is 0.00 next hop 2packets 0
flow id 1sub flow load is 0.00 next hop 3packets 0
flow id 1sub flow load is 0.00 next hop 4packets 0
Flow id 1 scheduled 0total packets from 3
flow id 2sub flow load is 0.00 next hop 0packets 0
flow id 2sub flow load is 0.00 next hop 1packets 0
flow id 2sub flow load is 0.00 next hop 2packets 0
flow id 2sub flow load is 0.00 next hop 3packets 0
flow id 2sub flow load is 0.00 next hop 4packets 0
Flow id 2 scheduled 0total packets from 3
flow id 3sub flow load is 0.00 next hop 0packets 0
flow id 3sub flow load is 0.00 next hop 1packets 0
flow id 3sub flow load is 0.00 next hop 2packets 0
flow id 3sub flow load is 0.00 next hop 3packets 0
flow id 3sub flow load is 0.00 next hop 4packets 0
Flow id 3 scheduled 0total packets from 3
[SHIELD-GH-ISOLATE] Node 0 blocked, dropping flow 0 t=8.10
ATTACK PLACE 1: packet DROPPED node=0 flow=0 packetID=1 t=8.10
[SHIELD-GH-ISOLATE] Node 0 blocked, dropping flow 0 t=8.10
ATTACK PLACE 1: packet DROPPED node=0 flow=0 packetID=1 t=8.10
[SHIELD-GH-ISOLATE] Node 0 blocked, dropping flow 0 t=8.10
ATTACK PLACE 1: packet DROPPED node=0 flow=0 packetID=1 t=8.10
[SHIELD-GH-ISOLATE] Node 0 blocked, dropping flow 0 t=8.11
ATTACK PLACE 1: packet DROPPED node=0 flow=0 packetID=1 t=8.11
Intial transmission packet dropped for flow id 0packet ID: 1
[SHIELD-GH-ISOLATE] Node 0 blocked, dropping flow 0 t=8.13
ATTACK PLACE 1: packet DROPPED node=0 flow=0 packetID=2 t=8.13
[SHIELD-GH-ISOLATE] Node 0 blocked, dropping flow 0 t=8.13
ATTACK PLACE 1: packet DROPPED node=0 flow=0 packetID=2 t=8.13
[SHIELD-GH-ISOLATE] Node 0 blocked, dropping flow 0 t=8.13
ATTACK PLACE 1: packet DROPPED node=0 flow=0 packetID=2 t=8.13
[SHIELD-GH-ISOLATE] Node 0 blocked, dropping flow 0 t=8.13
ATTACK PLACE 1: packet DROPPED node=0 flow=0 packetID=2 t=8.13
Intial transmission packet dropped for flow id 0packet ID: 2
[SHIELD-GH-ISOLATE] Node 0 blocked, dropping flow 0 t=8.15
ATTACK PLACE 1: packet DROPPED node=0 flow=0 packetID=3 t=8.15
[SHIELD-GH-ISOLATE] Node 0 blocked, dropping flow 0 t=8.16
ATTACK PLACE 1: packet DROPPED node=0 flow=0 packetID=3 t=8.16
[SHIELD-GH-ISOLATE] Node 0 blocked, dropping flow 0 t=8.16
ATTACK PLACE 1: packet DROPPED node=0 flow=0 packetID=3 t=8.16
[SHIELD-GH-ISOLATE] Node 0 blocked, dropping flow 0 t=8.16
ATTACK PLACE 1: packet DROPPED node=0 flow=0 packetID=3 t=8.16
Intial transmission packet dropped for flow id 0packet ID: 3
average_latency 0.00 ms
[LW-DP-Det] Node 0 SUSPECTED — S1:1 S2:1 S3:0 corrPDR=0.16
=== SHIELD-GH DETECTION METRICS (node-level) ===
  Node TP=2 TN=2 FP=0 FN=1
  M1a Detection Accuracy: 80.00%
  M1b MCC: 0.67
  M2  False Positive Rate: 0.00%
================================================
average packet delivery ratio is 0.00
average jitter is 0.00
average load balance is 85.94
TP=0.00 TN=0.00 FP=8.00 FN=0.00
M1a Detection Accuracy: 0.00%
M1b MCC: 0.00
M2 False Positive Rate: 100.00%
M4a Detection Latency: 2898.01 ms
M4b Mitigation Response Time: 2948.00 ms
=== Per Node PDR ===
Node 0 | LocalPDR=0.00% (Fwd=0/Rcv=12) | E2E_PDR=0.00% (0/3) | RelayPDR=0.00% (Fwd=0/Rcv=0) [DP-ATTACKER]
Node 1 | LocalPDR=0.00% (Fwd=0/Rcv=0) | E2E_PDR=0.00% (0/0) | RelayPDR=0.00% (Fwd=0/Rcv=8) [DP-ATTACKER]
Node 2 | LocalPDR=0.00% (Fwd=0/Rcv=0) | E2E_PDR=0.00% (0/0) | RelayPDR=0.00% (Fwd=0/Rcv=8) [DP-ATTACKER]
Node 3 | LocalPDR=0.00% (Fwd=0/Rcv=0) | E2E_PDR=0.00% (0/5) | RelayPDR=0.00% (Fwd=0/Rcv=0)
Node 4 | LocalPDR=0.00% (Fwd=0/Rcv=0) | E2E_PDR=0.00% (0/0) | RelayPDR=0.00% (Fwd=0/Rcv=8)
====================
written to file successfully
Solution at nodes cleared at 9.00
sent all flow data from node 5
current time is 9.00


At controller: updated flow source 0to destination 3flow size 3packet size 750QoS 1
At controller: updated flow source 3to destination 0flow size 0packet size 750QoS 1
At controller: updated flow source 3to destination 0flow size 2packet size 750QoS 1
At controller: updated flow source 3to destination 0flow size 0packet size 750QoS 1





link lifetime optimization beginning at 9.03
finished writing link lifetime status at9.03
Set parameter Username
Academic license - for non-commercial use only - expires 2027-05-08
delay is 1331
reading lifetime from csv at9.03
link lifetime conversion finished at+9034600000.00ns
updating flows - path finding at9.03
Routing stable: Number of stable paths from source: 0to destination 3is 1 at timestamp 9.03
Routing stable: Number of stable paths from source: 3to destination 0is 1 at timestamp 9.03
Routing stable: Number of stable paths from source: 3to destination 0is 1 at timestamp 9.03
Routing stable: Number of stable paths from source: 3to destination 0is 1 at timestamp 9.03
Number of connected flows 3at timestamp 9.04
DEBUG matrix values:
  [0][1] = 634.96
  [1][0] = 634.96
  [1][2] = 634.96
  [2][1] = 634.96
  [2][3] = 634.96
  [3][2] = 634.96
  [3][4] = 634.96
  [4][3] = 634.96
DEBUG threshold: 0.40
DEBUG max lifetime in matrix: 634.96
DEBUG matrix size: 5
Proposed RL started at 9.04
1
1
1
1
Proposed RL learning finished at 9.04
Transmitting delta values at9.04





Initialized flow counters at 9.10
flow id 0sub flow load is 0.00 next hop 0packets 0
flow id 0sub flow load is 0.00 next hop 2packets 0
flow id 0sub flow load is 0.00 next hop 3packets 0
flow id 0sub flow load is 0.00 next hop 4packets 0
flow id 0sub flow load is 1.00 next hop 1packets 3
scheduled in channel 1
Flow id 0 scheduled 3total packets from 0
flow id 1sub flow load is 0.00 next hop 0packets 0
flow id 1sub flow load is 0.00 next hop 1packets 0
flow id 1sub flow load is 0.00 next hop 2packets 0
flow id 1sub flow load is 0.00 next hop 3packets 0
flow id 1sub flow load is 0.00 next hop 4packets 0
Flow id 1 scheduled 0total packets from 3
flow id 2sub flow load is 0.00 next hop 0packets 0
flow id 2sub flow load is 0.00 next hop 1packets 0
flow id 2sub flow load is 0.00 next hop 2packets 0
flow id 2sub flow load is 0.00 next hop 3packets 0
flow id 2sub flow load is 0.00 next hop 4packets 0
Flow id 2 scheduled 0total packets from 3
flow id 3sub flow load is 0.00 next hop 0packets 0
flow id 3sub flow load is 0.00 next hop 1packets 0
flow id 3sub flow load is 0.00 next hop 2packets 0
flow id 3sub flow load is 0.00 next hop 3packets 0
flow id 3sub flow load is 0.00 next hop 4packets 0
Flow id 3 scheduled 0total packets from 3
[SHIELD-GH-ISOLATE] Node 0 blocked, dropping flow 0 t=9.10
ATTACK PLACE 1: packet DROPPED node=0 flow=0 packetID=1 t=9.10
[SHIELD-GH-ISOLATE] Node 0 blocked, dropping flow 0 t=9.10
ATTACK PLACE 1: packet DROPPED node=0 flow=0 packetID=1 t=9.10
[SHIELD-GH-ISOLATE] Node 0 blocked, dropping flow 0 t=9.10
ATTACK PLACE 1: packet DROPPED node=0 flow=0 packetID=1 t=9.10
[SHIELD-GH-ISOLATE] Node 0 blocked, dropping flow 0 t=9.11
ATTACK PLACE 1: packet DROPPED node=0 flow=0 packetID=1 t=9.11
Intial transmission packet dropped for flow id 0packet ID: 1
[SHIELD-GH-ISOLATE] Node 0 blocked, dropping flow 0 t=9.13
ATTACK PLACE 1: packet DROPPED node=0 flow=0 packetID=2 t=9.13
[SHIELD-GH-ISOLATE] Node 0 blocked, dropping flow 0 t=9.13
ATTACK PLACE 1: packet DROPPED node=0 flow=0 packetID=2 t=9.13
[SHIELD-GH-ISOLATE] Node 0 blocked, dropping flow 0 t=9.13
ATTACK PLACE 1: packet DROPPED node=0 flow=0 packetID=2 t=9.13
[SHIELD-GH-ISOLATE] Node 0 blocked, dropping flow 0 t=9.13
ATTACK PLACE 1: packet DROPPED node=0 flow=0 packetID=2 t=9.13
Intial transmission packet dropped for flow id 0packet ID: 2
[SHIELD-GH-ISOLATE] Node 0 blocked, dropping flow 0 t=9.15
ATTACK PLACE 1: packet DROPPED node=0 flow=0 packetID=3 t=9.15
[SHIELD-GH-ISOLATE] Node 0 blocked, dropping flow 0 t=9.16
ATTACK PLACE 1: packet DROPPED node=0 flow=0 packetID=3 t=9.16
[SHIELD-GH-ISOLATE] Node 0 blocked, dropping flow 0 t=9.16
ATTACK PLACE 1: packet DROPPED node=0 flow=0 packetID=3 t=9.16
[SHIELD-GH-ISOLATE] Node 0 blocked, dropping flow 0 t=9.16
ATTACK PLACE 1: packet DROPPED node=0 flow=0 packetID=3 t=9.16
Intial transmission packet dropped for flow id 0packet ID: 3
average_latency 0.00 ms
[LW-DP-Det] Node 0 SUSPECTED — S1:1 S2:1 S3:0 corrPDR=0.14
=== SHIELD-GH DETECTION METRICS (node-level) ===
  Node TP=2 TN=2 FP=0 FN=1
  M1a Detection Accuracy: 80.00%
  M1b MCC: 0.67
  M2  False Positive Rate: 0.00%
================================================
average packet delivery ratio is 0.00
average jitter is 0.00
average load balance is 87.50
TP=0.00 TN=0.00 FP=5.00 FN=0.00
M1a Detection Accuracy: 0.00%
M1b MCC: 0.00
M2 False Positive Rate: 100.00%
M4a Detection Latency: 2898.01 ms
M4b Mitigation Response Time: 2948.00 ms
=== Per Node PDR ===
Node 0 | LocalPDR=0.00% (Fwd=0/Rcv=12) | E2E_PDR=0.00% (0/3) | RelayPDR=0.00% (Fwd=0/Rcv=0) [DP-ATTACKER]
Node 1 | LocalPDR=0.00% (Fwd=0/Rcv=0) | E2E_PDR=0.00% (0/0) | RelayPDR=0.00% (Fwd=0/Rcv=5) [DP-ATTACKER]
Node 2 | LocalPDR=0.00% (Fwd=0/Rcv=0) | E2E_PDR=0.00% (0/0) | RelayPDR=0.00% (Fwd=0/Rcv=5) [DP-ATTACKER]
Node 3 | LocalPDR=0.00% (Fwd=0/Rcv=0) | E2E_PDR=0.00% (0/2) | RelayPDR=0.00% (Fwd=0/Rcv=0)
Node 4 | LocalPDR=0.00% (Fwd=0/Rcv=0) | E2E_PDR=0.00% (0/0) | RelayPDR=0.00% (Fwd=0/Rcv=5)
====================
written to file successfully
Solution at nodes cleared at 10.00
sent all flow data from node 5
current time is 10.00


At controller: updated flow source 0to destination 3flow size 3packet size 750QoS 1
At controller: updated flow source 3to destination 0flow size 1packet size 750QoS 1
At controller: updated flow source 3to destination 0flow size 3packet size 750QoS 1
At controller: updated flow source 3to destination 0flow size 2packet size 750QoS 1





link lifetime optimization beginning at 10.03
finished writing link lifetime status at10.03
Set parameter Username
Academic license - for non-commercial use only - expires 2027-05-08
delay is 1152
reading lifetime from csv at10.03
link lifetime conversion finished at+10034600000.00ns
updating flows - path finding at10.03
Routing stable: Number of stable paths from source: 0to destination 3is 1 at timestamp 10.03
Routing stable: Number of stable paths from source: 3to destination 0is 1 at timestamp 10.03
Routing stable: Number of stable paths from source: 3to destination 0is 1 at timestamp 10.03
Routing stable: Number of stable paths from source: 3to destination 0is 1 at timestamp 10.03
Number of connected flows 3at timestamp 10.04
DEBUG matrix values:
  [0][1] = 634.96
  [1][0] = 634.96
  [1][2] = 634.96
  [2][1] = 634.96
  [2][3] = 634.96
  [3][2] = 634.96
  [3][4] = 634.96
  [4][3] = 634.96
DEBUG threshold: 0.40
DEBUG max lifetime in matrix: 634.96
DEBUG matrix size: 5
Proposed RL started at 10.04
1
1
1
1
Proposed RL learning finished at 10.04
Transmitting delta values at10.04





Initialized flow counters at 10.10
flow id 0sub flow load is 0.00 next hop 0packets 0
flow id 0sub flow load is 0.00 next hop 2packets 0
flow id 0sub flow load is 0.00 next hop 3packets 0
flow id 0sub flow load is 0.00 next hop 4packets 0
flow id 0sub flow load is 1.00 next hop 1packets 3
scheduled in channel 1
Flow id 0 scheduled 3total packets from 0
flow id 1sub flow load is 0.00 next hop 0packets 0
flow id 1sub flow load is 0.00 next hop 1packets 0
flow id 1sub flow load is 0.00 next hop 2packets 0
flow id 1sub flow load is 0.00 next hop 3packets 0
flow id 1sub flow load is 0.00 next hop 4packets 0
Flow id 1 scheduled 0total packets from 3
flow id 2sub flow load is 0.00 next hop 0packets 0
flow id 2sub flow load is 0.00 next hop 1packets 0
flow id 2sub flow load is 0.00 next hop 2packets 0
flow id 2sub flow load is 0.00 next hop 3packets 0
flow id 2sub flow load is 0.00 next hop 4packets 0
Flow id 2 scheduled 0total packets from 3
flow id 3sub flow load is 0.00 next hop 0packets 0
flow id 3sub flow load is 0.00 next hop 1packets 0
flow id 3sub flow load is 0.00 next hop 2packets 0
flow id 3sub flow load is 0.00 next hop 3packets 0
flow id 3sub flow load is 0.00 next hop 4packets 0
Flow id 3 scheduled 0total packets from 3
[SHIELD-GH-ISOLATE] Node 0 blocked, dropping flow 0 t=10.10
ATTACK PLACE 1: packet DROPPED node=0 flow=0 packetID=1 t=10.10
[SHIELD-GH-ISOLATE] Node 0 blocked, dropping flow 0 t=10.10
ATTACK PLACE 1: packet DROPPED node=0 flow=0 packetID=1 t=10.10
[SHIELD-GH-ISOLATE] Node 0 blocked, dropping flow 0 t=10.10
ATTACK PLACE 1: packet DROPPED node=0 flow=0 packetID=1 t=10.10
[SHIELD-GH-ISOLATE] Node 0 blocked, dropping flow 0 t=10.11
ATTACK PLACE 1: packet DROPPED node=0 flow=0 packetID=1 t=10.11
Intial transmission packet dropped for flow id 0packet ID: 1
[SHIELD-GH-ISOLATE] Node 0 blocked, dropping flow 0 t=10.13
ATTACK PLACE 1: packet DROPPED node=0 flow=0 packetID=2 t=10.13
[SHIELD-GH-ISOLATE] Node 0 blocked, dropping flow 0 t=10.13
ATTACK PLACE 1: packet DROPPED node=0 flow=0 packetID=2 t=10.13
[SHIELD-GH-ISOLATE] Node 0 blocked, dropping flow 0 t=10.13
ATTACK PLACE 1: packet DROPPED node=0 flow=0 packetID=2 t=10.13
[SHIELD-GH-ISOLATE] Node 0 blocked, dropping flow 0 t=10.13
ATTACK PLACE 1: packet DROPPED node=0 flow=0 packetID=2 t=10.13
Intial transmission packet dropped for flow id 0packet ID: 2
[SHIELD-GH-ISOLATE] Node 0 blocked, dropping flow 0 t=10.15
ATTACK PLACE 1: packet DROPPED node=0 flow=0 packetID=3 t=10.15
[SHIELD-GH-ISOLATE] Node 0 blocked, dropping flow 0 t=10.16
ATTACK PLACE 1: packet DROPPED node=0 flow=0 packetID=3 t=10.16
[SHIELD-GH-ISOLATE] Node 0 blocked, dropping flow 0 t=10.16
ATTACK PLACE 1: packet DROPPED node=0 flow=0 packetID=3 t=10.16
[SHIELD-GH-ISOLATE] Node 0 blocked, dropping flow 0 t=10.16
ATTACK PLACE 1: packet DROPPED node=0 flow=0 packetID=3 t=10.16
Intial transmission packet dropped for flow id 0packet ID: 3
average_latency 0.00 ms
[LW-DP-Det] Node 0 SUSPECTED — S1:1 S2:1 S3:0 corrPDR=0.12
=== SHIELD-GH DETECTION METRICS (node-level) ===
  Node TP=2 TN=2 FP=0 FN=1
  M1a Detection Accuracy: 80.00%
  M1b MCC: 0.67
  M2  False Positive Rate: 0.00%
================================================
average packet delivery ratio is 0.00
average jitter is 0.00
average load balance is 88.75
TP=0.00 TN=0.00 FP=8.00 FN=0.00
M1a Detection Accuracy: 0.00%
M1b MCC: 0.00
M2 False Positive Rate: 100.00%
M4a Detection Latency: 2898.01 ms
M4b Mitigation Response Time: 2948.00 ms
=== Per Node PDR ===
Node 0 | LocalPDR=0.00% (Fwd=0/Rcv=12) | E2E_PDR=0.00% (0/3) | RelayPDR=0.00% (Fwd=0/Rcv=0) [DP-ATTACKER]
Node 1 | LocalPDR=0.00% (Fwd=0/Rcv=0) | E2E_PDR=0.00% (0/0) | RelayPDR=0.00% (Fwd=0/Rcv=8) [DP-ATTACKER]
Node 2 | LocalPDR=0.00% (Fwd=0/Rcv=0) | E2E_PDR=0.00% (0/0) | RelayPDR=0.00% (Fwd=0/Rcv=8) [DP-ATTACKER]
Node 3 | LocalPDR=0.00% (Fwd=0/Rcv=0) | E2E_PDR=0.00% (0/5) | RelayPDR=0.00% (Fwd=0/Rcv=0)
Node 4 | LocalPDR=0.00% (Fwd=0/Rcv=0) | E2E_PDR=0.00% (0/0) | RelayPDR=0.00% (Fwd=0/Rcv=8)
====================
written to file successfully
Solution at nodes cleared at 11.00
sent all flow data from node 5
current time is 11.00


At controller: updated flow source 0to destination 3flow size 3packet size 750QoS 1
At controller: updated flow source 3to destination 0flow size 3packet size 750QoS 1
At controller: updated flow source 3to destination 0flow size 1packet size 750QoS 1
At controller: updated flow source 3to destination 0flow size 2packet size 750QoS 1





link lifetime optimization beginning at 11.03
finished writing link lifetime status at11.03
Set parameter Username
Academic license - for non-commercial use only - expires 2027-05-08
delay is 1213
reading lifetime from csv at11.03
link lifetime conversion finished at+11034600000.00ns
updating flows - path finding at11.03
Routing stable: Number of stable paths from source: 0to destination 3is 1 at timestamp 11.03
Routing stable: Number of stable paths from source: 3to destination 0is 1 at timestamp 11.03
Routing stable: Number of stable paths from source: 3to destination 0is 1 at timestamp 11.03
Routing stable: Number of stable paths from source: 3to destination 0is 1 at timestamp 11.03
Number of connected flows 3at timestamp 11.04
DEBUG matrix values:
  [0][1] = 634.96
  [1][0] = 634.96
  [1][2] = 634.96
  [2][1] = 634.96
  [2][3] = 634.96
  [3][2] = 634.96
  [3][4] = 634.96
  [4][3] = 634.96
DEBUG threshold: 0.40
DEBUG max lifetime in matrix: 634.96
DEBUG matrix size: 5
Proposed RL started at 11.04
1
1
1
1
Proposed RL learning finished at 11.04
Transmitting delta values at11.04





Initialized flow counters at 11.10
flow id 0sub flow load is 0.00 next hop 0packets 0
flow id 0sub flow load is 0.00 next hop 2packets 0
flow id 0sub flow load is 0.00 next hop 3packets 0
flow id 0sub flow load is 0.00 next hop 4packets 0
flow id 0sub flow load is 1.00 next hop 1packets 3
scheduled in channel 1
Flow id 0 scheduled 3total packets from 0
flow id 1sub flow load is 0.00 next hop 0packets 0
flow id 1sub flow load is 0.00 next hop 1packets 0
flow id 1sub flow load is 0.00 next hop 2packets 0
flow id 1sub flow load is 0.00 next hop 3packets 0
flow id 1sub flow load is 0.00 next hop 4packets 0
Flow id 1 scheduled 0total packets from 3
flow id 2sub flow load is 0.00 next hop 0packets 0
flow id 2sub flow load is 0.00 next hop 1packets 0
flow id 2sub flow load is 0.00 next hop 2packets 0
flow id 2sub flow load is 0.00 next hop 3packets 0
flow id 2sub flow load is 0.00 next hop 4packets 0
Flow id 2 scheduled 0total packets from 3
flow id 3sub flow load is 0.00 next hop 0packets 0
flow id 3sub flow load is 0.00 next hop 1packets 0
flow id 3sub flow load is 0.00 next hop 2packets 0
flow id 3sub flow load is 0.00 next hop 3packets 0
flow id 3sub flow load is 0.00 next hop 4packets 0
Flow id 3 scheduled 0total packets from 3
[SHIELD-GH-ISOLATE] Node 0 blocked, dropping flow 0 t=11.10
ATTACK PLACE 1: packet DROPPED node=0 flow=0 packetID=1 t=11.10
[SHIELD-GH-ISOLATE] Node 0 blocked, dropping flow 0 t=11.10
ATTACK PLACE 1: packet DROPPED node=0 flow=0 packetID=1 t=11.10
[SHIELD-GH-ISOLATE] Node 0 blocked, dropping flow 0 t=11.11
ATTACK PLACE 1: packet DROPPED node=0 flow=0 packetID=1 t=11.11
[SHIELD-GH-ISOLATE] Node 0 blocked, dropping flow 0 t=11.11
ATTACK PLACE 1: packet DROPPED node=0 flow=0 packetID=1 t=11.11
Intial transmission packet dropped for flow id 0packet ID: 1
[SHIELD-GH-ISOLATE] Node 0 blocked, dropping flow 0 t=11.13
ATTACK PLACE 1: packet DROPPED node=0 flow=0 packetID=2 t=11.13
[SHIELD-GH-ISOLATE] Node 0 blocked, dropping flow 0 t=11.13
ATTACK PLACE 1: packet DROPPED node=0 flow=0 packetID=2 t=11.13
[SHIELD-GH-ISOLATE] Node 0 blocked, dropping flow 0 t=11.13
ATTACK PLACE 1: packet DROPPED node=0 flow=0 packetID=2 t=11.13
[SHIELD-GH-ISOLATE] Node 0 blocked, dropping flow 0 t=11.13
ATTACK PLACE 1: packet DROPPED node=0 flow=0 packetID=2 t=11.13
Intial transmission packet dropped for flow id 0packet ID: 2
[SHIELD-GH-ISOLATE] Node 0 blocked, dropping flow 0 t=11.15
ATTACK PLACE 1: packet DROPPED node=0 flow=0 packetID=3 t=11.15
[SHIELD-GH-ISOLATE] Node 0 blocked, dropping flow 0 t=11.16
ATTACK PLACE 1: packet DROPPED node=0 flow=0 packetID=3 t=11.16
[SHIELD-GH-ISOLATE] Node 0 blocked, dropping flow 0 t=11.16
ATTACK PLACE 1: packet DROPPED node=0 flow=0 packetID=3 t=11.16
[SHIELD-GH-ISOLATE] Node 0 blocked, dropping flow 0 t=11.16
ATTACK PLACE 1: packet DROPPED node=0 flow=0 packetID=3 t=11.16
Intial transmission packet dropped for flow id 0packet ID: 3
average_latency 0.00 ms
[LW-DP-Det] Node 0 SUSPECTED — S1:1 S2:1 S3:0 corrPDR=0.11
=== SHIELD-GH DETECTION METRICS (node-level) ===
  Node TP=2 TN=2 FP=0 FN=1
  M1a Detection Accuracy: 80.00%
  M1b MCC: 0.67
  M2  False Positive Rate: 0.00%
================================================
average packet delivery ratio is 0.00
average jitter is 0.00
average load balance is 89.77
TP=0.00 TN=0.00 FP=6.00 FN=0.00
M1a Detection Accuracy: 0.00%
M1b MCC: 0.00
M2 False Positive Rate: 100.00%
M4a Detection Latency: 2898.01 ms
M4b Mitigation Response Time: 2948.00 ms
=== Per Node PDR ===
Node 0 | LocalPDR=0.00% (Fwd=0/Rcv=12) | E2E_PDR=0.00% (0/3) | RelayPDR=0.00% (Fwd=0/Rcv=0) [DP-ATTACKER]
Node 1 | LocalPDR=0.00% (Fwd=0/Rcv=0) | E2E_PDR=0.00% (0/0) | RelayPDR=0.00% (Fwd=0/Rcv=6) [DP-ATTACKER]
Node 2 | LocalPDR=0.00% (Fwd=0/Rcv=0) | E2E_PDR=0.00% (0/0) | RelayPDR=0.00% (Fwd=0/Rcv=6) [DP-ATTACKER]
Node 3 | LocalPDR=0.00% (Fwd=0/Rcv=0) | E2E_PDR=0.00% (0/3) | RelayPDR=0.00% (Fwd=0/Rcv=0)
Node 4 | LocalPDR=0.00% (Fwd=0/Rcv=0) | E2E_PDR=0.00% (0/0) | RelayPDR=0.00% (Fwd=0/Rcv=6)
====================
written to file successfully
Solution at nodes cleared at 12.00
sent all flow data from node 5
current time is 12.00


At controller: updated flow source 0to destination 3flow size 3packet size 750QoS 1
At controller: updated flow source 3to destination 0flow size 3packet size 750QoS 1
At controller: updated flow source 3to destination 0flow size 2packet size 750QoS 1
At controller: updated flow source 3to destination 0flow size 2packet size 750QoS 1





link lifetime optimization beginning at 12.03
finished writing link lifetime status at12.03
Set parameter Username
Academic license - for non-commercial use only - expires 2027-05-08
delay is 1290
reading lifetime from csv at12.03
link lifetime conversion finished at+12034600000.00ns
updating flows - path finding at12.03
Routing stable: Number of stable paths from source: 0to destination 3is 1 at timestamp 12.03
Routing stable: Number of stable paths from source: 3to destination 0is 1 at timestamp 12.03
Routing stable: Number of stable paths from source: 3to destination 0is 1 at timestamp 12.03
Routing stable: Number of stable paths from source: 3to destination 0is 1 at timestamp 12.03
Number of connected flows 3at timestamp 12.04
DEBUG matrix values:
  [0][1] = 634.96
  [1][0] = 634.96
  [1][2] = 634.96
  [2][1] = 634.96
  [2][3] = 634.96
  [3][2] = 634.96
  [3][4] = 634.96
  [4][3] = 634.96
DEBUG threshold: 0.40
DEBUG max lifetime in matrix: 634.96
DEBUG matrix size: 5
Proposed RL started at 12.04
1
1
1
1
Proposed RL learning finished at 12.04
Transmitting delta values at12.04





Initialized flow counters at 12.10
flow id 0sub flow load is 0.00 next hop 0packets 0
flow id 0sub flow load is 0.00 next hop 2packets 0
flow id 0sub flow load is 0.00 next hop 3packets 0
flow id 0sub flow load is 0.00 next hop 4packets 0
flow id 0sub flow load is 1.00 next hop 1packets 3
scheduled in channel 1
Flow id 0 scheduled 3total packets from 0
flow id 1sub flow load is 0.00 next hop 0packets 0
flow id 1sub flow load is 0.00 next hop 1packets 0
flow id 1sub flow load is 0.00 next hop 2packets 0
flow id 1sub flow load is 0.00 next hop 3packets 0
flow id 1sub flow load is 0.00 next hop 4packets 0
Flow id 1 scheduled 0total packets from 3
flow id 2sub flow load is 0.00 next hop 0packets 0
flow id 2sub flow load is 0.00 next hop 1packets 0
flow id 2sub flow load is 0.00 next hop 2packets 0
flow id 2sub flow load is 0.00 next hop 3packets 0
flow id 2sub flow load is 0.00 next hop 4packets 0
Flow id 2 scheduled 0total packets from 3
flow id 3sub flow load is 0.00 next hop 0packets 0
flow id 3sub flow load is 0.00 next hop 1packets 0
flow id 3sub flow load is 0.00 next hop 2packets 0
flow id 3sub flow load is 0.00 next hop 3packets 0
flow id 3sub flow load is 0.00 next hop 4packets 0
Flow id 3 scheduled 0total packets from 3
[SHIELD-GH-ISOLATE] Node 0 blocked, dropping flow 0 t=12.10
ATTACK PLACE 1: packet DROPPED node=0 flow=0 packetID=1 t=12.10
[SHIELD-GH-ISOLATE] Node 0 blocked, dropping flow 0 t=12.10
ATTACK PLACE 1: packet DROPPED node=0 flow=0 packetID=1 t=12.10
[SHIELD-GH-ISOLATE] Node 0 blocked, dropping flow 0 t=12.10
ATTACK PLACE 1: packet DROPPED node=0 flow=0 packetID=1 t=12.10
[SHIELD-GH-ISOLATE] Node 0 blocked, dropping flow 0 t=12.11
ATTACK PLACE 1: packet DROPPED node=0 flow=0 packetID=1 t=12.11
Intial transmission packet dropped for flow id 0packet ID: 1
[SHIELD-GH-ISOLATE] Node 0 blocked, dropping flow 0 t=12.13
ATTACK PLACE 1: packet DROPPED node=0 flow=0 packetID=2 t=12.13
[SHIELD-GH-ISOLATE] Node 0 blocked, dropping flow 0 t=12.13
ATTACK PLACE 1: packet DROPPED node=0 flow=0 packetID=2 t=12.13
[SHIELD-GH-ISOLATE] Node 0 blocked, dropping flow 0 t=12.13
ATTACK PLACE 1: packet DROPPED node=0 flow=0 packetID=2 t=12.13
[SHIELD-GH-ISOLATE] Node 0 blocked, dropping flow 0 t=12.13
ATTACK PLACE 1: packet DROPPED node=0 flow=0 packetID=2 t=12.13
Intial transmission packet dropped for flow id 0packet ID: 2
[SHIELD-GH-ISOLATE] Node 0 blocked, dropping flow 0 t=12.15
ATTACK PLACE 1: packet DROPPED node=0 flow=0 packetID=3 t=12.15
[SHIELD-GH-ISOLATE] Node 0 blocked, dropping flow 0 t=12.16
ATTACK PLACE 1: packet DROPPED node=0 flow=0 packetID=3 t=12.16
[SHIELD-GH-ISOLATE] Node 0 blocked, dropping flow 0 t=12.16
ATTACK PLACE 1: packet DROPPED node=0 flow=0 packetID=3 t=12.16
[SHIELD-GH-ISOLATE] Node 0 blocked, dropping flow 0 t=12.16
ATTACK PLACE 1: packet DROPPED node=0 flow=0 packetID=3 t=12.16
Intial transmission packet dropped for flow id 0packet ID: 3
average_latency 0.00 ms
[LW-DP-Det] Node 0 SUSPECTED — S1:1 S2:1 S3:0 corrPDR=0.07
=== SHIELD-GH DETECTION METRICS (node-level) ===
  Node TP=2 TN=2 FP=0 FN=1
  M1a Detection Accuracy: 80.00%
  M1b MCC: 0.67
  M2  False Positive Rate: 0.00%
================================================
average packet delivery ratio is 0.00
average jitter is 0.00
average load balance is 90.62
TP=0.00 TN=0.00 FP=7.00 FN=0.00
M1a Detection Accuracy: 0.00%
M1b MCC: 0.00
M2 False Positive Rate: 100.00%
M4a Detection Latency: 2898.01 ms
M4b Mitigation Response Time: 2948.00 ms
=== Per Node PDR ===
Node 0 | LocalPDR=0.00% (Fwd=0/Rcv=12) | E2E_PDR=0.00% (0/3) | RelayPDR=0.00% (Fwd=0/Rcv=0) [DP-ATTACKER]
Node 1 | LocalPDR=0.00% (Fwd=0/Rcv=0) | E2E_PDR=0.00% (0/0) | RelayPDR=0.00% (Fwd=0/Rcv=7) [DP-ATTACKER]
Node 2 | LocalPDR=0.00% (Fwd=0/Rcv=0) | E2E_PDR=0.00% (0/0) | RelayPDR=0.00% (Fwd=0/Rcv=7) [DP-ATTACKER]
Node 3 | LocalPDR=0.00% (Fwd=0/Rcv=0) | E2E_PDR=0.00% (0/4) | RelayPDR=0.00% (Fwd=0/Rcv=0)
Node 4 | LocalPDR=0.00% (Fwd=0/Rcv=0) | E2E_PDR=0.00% (0/0) | RelayPDR=0.00% (Fwd=0/Rcv=7)
====================
written to file successfully
Solution at nodes cleared at 13.00
sent all flow data from node 5
current time is 13.00


At controller: updated flow source 0to destination 3flow size 3packet size 750QoS 1
At controller: updated flow source 3to destination 0flow size 0packet size 750QoS 1
At controller: updated flow source 3to destination 0flow size 1packet size 750QoS 1
At controller: updated flow source 3to destination 0flow size 0packet size 750QoS 1





link lifetime optimization beginning at 13.03
finished writing link lifetime status at13.03
Set parameter Username
Academic license - for non-commercial use only - expires 2027-05-08
delay is 1431
reading lifetime from csv at13.03
link lifetime conversion finished at+13034600000.00ns
updating flows - path finding at13.03
Routing stable: Number of stable paths from source: 0to destination 3is 1 at timestamp 13.03
Routing stable: Number of stable paths from source: 3to destination 0is 1 at timestamp 13.03
Routing stable: Number of stable paths from source: 3to destination 0is 1 at timestamp 13.03
Routing stable: Number of stable paths from source: 3to destination 0is 1 at timestamp 13.03
Number of connected flows 3at timestamp 13.04
DEBUG matrix values:
  [0][1] = 634.96
  [1][0] = 634.96
  [1][2] = 634.96
  [2][1] = 634.96
  [2][3] = 634.96
  [3][2] = 634.96
  [3][4] = 634.96
  [4][3] = 634.96
DEBUG threshold: 0.40
DEBUG max lifetime in matrix: 634.96
DEBUG matrix size: 5
Proposed RL started at 13.04
1
1
1
1
Proposed RL learning finished at 13.04
Transmitting delta values at13.04





Initialized flow counters at 13.10
flow id 0sub flow load is 0.00 next hop 0packets 0
flow id 0sub flow load is 0.00 next hop 2packets 0
flow id 0sub flow load is 0.00 next hop 3packets 0
flow id 0sub flow load is 0.00 next hop 4packets 0
flow id 0sub flow load is 1.00 next hop 1packets 3
scheduled in channel 1
Flow id 0 scheduled 3total packets from 0
flow id 1sub flow load is 0.00 next hop 0packets 0
flow id 1sub flow load is 0.00 next hop 1packets 0
flow id 1sub flow load is 0.00 next hop 2packets 0
flow id 1sub flow load is 0.00 next hop 3packets 0
flow id 1sub flow load is 0.00 next hop 4packets 0
Flow id 1 scheduled 0total packets from 3
flow id 2sub flow load is 0.00 next hop 0packets 0
flow id 2sub flow load is 0.00 next hop 1packets 0
flow id 2sub flow load is 0.00 next hop 2packets 0
flow id 2sub flow load is 0.00 next hop 3packets 0
flow id 2sub flow load is 0.00 next hop 4packets 0
Flow id 2 scheduled 0total packets from 3
flow id 3sub flow load is 0.00 next hop 0packets 0
flow id 3sub flow load is 0.00 next hop 1packets 0
flow id 3sub flow load is 0.00 next hop 2packets 0
flow id 3sub flow load is 0.00 next hop 3packets 0
flow id 3sub flow load is 0.00 next hop 4packets 0
Flow id 3 scheduled 0total packets from 3
[SHIELD-GH-ISOLATE] Node 0 blocked, dropping flow 0 t=13.10
ATTACK PLACE 1: packet DROPPED node=0 flow=0 packetID=1 t=13.10
[SHIELD-GH-ISOLATE] Node 0 blocked, dropping flow 0 t=13.10
ATTACK PLACE 1: packet DROPPED node=0 flow=0 packetID=1 t=13.10
[SHIELD-GH-ISOLATE] Node 0 blocked, dropping flow 0 t=13.10
ATTACK PLACE 1: packet DROPPED node=0 flow=0 packetID=1 t=13.10
[SHIELD-GH-ISOLATE] Node 0 blocked, dropping flow 0 t=13.11
ATTACK PLACE 1: packet DROPPED node=0 flow=0 packetID=1 t=13.11
Intial transmission packet dropped for flow id 0packet ID: 1
[SHIELD-GH-ISOLATE] Node 0 blocked, dropping flow 0 t=13.13
ATTACK PLACE 1: packet DROPPED node=0 flow=0 packetID=2 t=13.13
[SHIELD-GH-ISOLATE] Node 0 blocked, dropping flow 0 t=13.13
ATTACK PLACE 1: packet DROPPED node=0 flow=0 packetID=2 t=13.13
[SHIELD-GH-ISOLATE] Node 0 blocked, dropping flow 0 t=13.13
ATTACK PLACE 1: packet DROPPED node=0 flow=0 packetID=2 t=13.13
[SHIELD-GH-ISOLATE] Node 0 blocked, dropping flow 0 t=13.13
ATTACK PLACE 1: packet DROPPED node=0 flow=0 packetID=2 t=13.13
Intial transmission packet dropped for flow id 0packet ID: 2
[SHIELD-GH-ISOLATE] Node 0 blocked, dropping flow 0 t=13.15
ATTACK PLACE 1: packet DROPPED node=0 flow=0 packetID=3 t=13.15
[SHIELD-GH-ISOLATE] Node 0 blocked, dropping flow 0 t=13.16
ATTACK PLACE 1: packet DROPPED node=0 flow=0 packetID=3 t=13.16
[SHIELD-GH-ISOLATE] Node 0 blocked, dropping flow 0 t=13.16
ATTACK PLACE 1: packet DROPPED node=0 flow=0 packetID=3 t=13.16
[SHIELD-GH-ISOLATE] Node 0 blocked, dropping flow 0 t=13.16
ATTACK PLACE 1: packet DROPPED node=0 flow=0 packetID=3 t=13.16
Intial transmission packet dropped for flow id 0packet ID: 3
average_latency 0.00 ms
[LW-DP-Det] Node 0 SUSPECTED — S1:1 S2:1 S3:0 corrPDR=0.05
=== SHIELD-GH DETECTION METRICS (node-level) ===
  Node TP=2 TN=2 FP=0 FN=1
  M1a Detection Accuracy: 80.00%
  M1b MCC: 0.67
  M2  False Positive Rate: 0.00%
================================================
average packet delivery ratio is 0.00
average jitter is 0.00
average load balance is 91.35
TP=0.00 TN=0.00 FP=4.00 FN=0.00
M1a Detection Accuracy: 0.00%
M1b MCC: 0.00
M2 False Positive Rate: 100.00%
M4a Detection Latency: 2898.01 ms
M4b Mitigation Response Time: 2948.00 ms
=== Per Node PDR ===
Node 0 | LocalPDR=0.00% (Fwd=0/Rcv=12) | E2E_PDR=0.00% (0/3) | RelayPDR=0.00% (Fwd=0/Rcv=0) [DP-ATTACKER]
Node 1 | LocalPDR=0.00% (Fwd=0/Rcv=0) | E2E_PDR=0.00% (0/0) | RelayPDR=0.00% (Fwd=0/Rcv=4) [DP-ATTACKER]
Node 2 | LocalPDR=0.00% (Fwd=0/Rcv=0) | E2E_PDR=0.00% (0/0) | RelayPDR=0.00% (Fwd=0/Rcv=4) [DP-ATTACKER]
Node 3 | LocalPDR=0.00% (Fwd=0/Rcv=0) | E2E_PDR=0.00% (0/1) | RelayPDR=0.00% (Fwd=0/Rcv=0)
Node 4 | LocalPDR=0.00% (Fwd=0/Rcv=0) | E2E_PDR=0.00% (0/0) | RelayPDR=0.00% (Fwd=0/Rcv=4)
====================
written to file successfully
=== GREY HOLE DROP SUMMARY ===
Node 0 [ATTACKER] Dropped=24 Forwarded=0
Node 1 [ATTACKER] Dropped=3 Forwarded=0
Node 2 [ATTACKER] Dropped=0 Forwarded=0
Node 3 [BENIGN]   Dropped=0 Forwarded=0
Node 4 [BENIGN]   Dropped=0 Forwarded=0
==============================
